<?xml version="1.0" encoding="UTF-8"?>
<testsuite name="com.youngjun.book.springboot.web.domain.posts.PostsRepositoryTest" tests="2" skipped="0" failures="0" errors="0" timestamp="2020-05-21T12:04:51" hostname="DESKTOP-U1VS4JN" time="0.137">
  <properties/>
  <testcase name="baseTimeEntityTest" classname="com.youngjun.book.springboot.web.domain.posts.PostsRepositoryTest" time="0.125"/>
  <testcase name="postingLoadTest" classname="com.youngjun.book.springboot.web.domain.posts.PostsRepositoryTest" time="0.011"/>
  <system-out><![CDATA[2020-05-21 21:04:50.162  INFO 18516 --- [    Test worker] .b.t.c.SpringBootTestContextBootstrapper : Neither @ContextConfiguration nor @ContextHierarchy found for test class [com.youngjun.book.springboot.web.domain.posts.PostsRepositoryTest], using SpringBootContextLoader
2020-05-21 21:04:50.163  INFO 18516 --- [    Test worker] o.s.t.c.support.AbstractContextLoader    : Could not detect default resource locations for test class [com.youngjun.book.springboot.web.domain.posts.PostsRepositoryTest]: no resource found for suffixes {-context.xml, Context.groovy}.
2020-05-21 21:04:50.163  INFO 18516 --- [    Test worker] t.c.s.AnnotationConfigContextLoaderUtils : Could not detect default configuration classes for test class [com.youngjun.book.springboot.web.domain.posts.PostsRepositoryTest]: PostsRepositoryTest does not declare any static, non-private, non-final, nested classes annotated with @Configuration.
2020-05-21 21:04:50.178  INFO 18516 --- [    Test worker] .b.t.c.SpringBootTestContextBootstrapper : Found @SpringBootConfiguration com.youngjun.book.springboot.Application for test class com.youngjun.book.springboot.web.domain.posts.PostsRepositoryTest
2020-05-21 21:04:50.180  INFO 18516 --- [    Test worker] .b.t.c.SpringBootTestContextBootstrapper : Loaded default TestExecutionListener class names from location [META-INF/spring.factories]: [org.springframework.security.test.context.support.WithSecurityContextTestExecutionListener, org.springframework.security.test.context.support.ReactorContextTestExecutionListener, org.springframework.boot.test.autoconfigure.restdocs.RestDocsTestExecutionListener, org.springframework.boot.test.autoconfigure.web.client.MockRestServiceServerResetTestExecutionListener, org.springframework.boot.test.autoconfigure.web.servlet.MockMvcPrintOnlyOnFailureTestExecutionListener, org.springframework.boot.test.autoconfigure.web.servlet.WebDriverTestExecutionListener, org.springframework.boot.test.mock.mockito.MockitoTestExecutionListener, org.springframework.boot.test.mock.mockito.ResetMocksTestExecutionListener, org.springframework.test.context.web.ServletTestExecutionListener, org.springframework.test.context.support.DirtiesContextBeforeModesTestExecutionListener, org.springframework.test.context.support.DependencyInjectionTestExecutionListener, org.springframework.test.context.support.DirtiesContextTestExecutionListener, org.springframework.test.context.transaction.TransactionalTestExecutionListener, org.springframework.test.context.jdbc.SqlScriptsTestExecutionListener]
2020-05-21 21:04:50.182  INFO 18516 --- [    Test worker] .b.t.c.SpringBootTestContextBootstrapper : Using TestExecutionListeners: [org.springframework.test.context.web.ServletTestExecutionListener@462bf16e, org.springframework.test.context.support.DirtiesContextBeforeModesTestExecutionListener@359f16fc, org.springframework.boot.test.mock.mockito.MockitoTestExecutionListener@388afdaa, org.springframework.boot.test.autoconfigure.SpringBootDependencyInjectionTestExecutionListener@46d7eda4, org.springframework.test.context.support.DirtiesContextTestExecutionListener@5f6ed491, org.springframework.test.context.transaction.TransactionalTestExecutionListener@120b1176, org.springframework.test.context.jdbc.SqlScriptsTestExecutionListener@7d83c930, org.springframework.security.test.context.support.WithSecurityContextTestExecutionListener@440b1e9, org.springframework.security.test.context.support.ReactorContextTestExecutionListener@2d2327ac, org.springframework.boot.test.autoconfigure.restdocs.RestDocsTestExecutionListener@676913df, org.springframework.boot.test.autoconfigure.web.client.MockRestServiceServerResetTestExecutionListener@4c09c4b, org.springframework.boot.test.autoconfigure.web.servlet.MockMvcPrintOnlyOnFailureTestExecutionListener@50eaac3, org.springframework.boot.test.autoconfigure.web.servlet.WebDriverTestExecutionListener@31a4f389, org.springframework.boot.test.mock.mockito.ResetMocksTestExecutionListener@1e7cf989]

  .   ____          _            __ _ _
 /\\ / ___'_ __ _ _(_)_ __  __ _ \ \ \ \
( ( )\___ | '_ | '_| | '_ \/ _` | \ \ \ \
 \\/  ___)| |_)| | | | | || (_| |  ) ) ) )
  '  |____| .__|_| |_|_| |_\__, | / / / /
 =========|_|==============|___/=/_/_/_/
 :: Spring Boot ::        (v2.1.9.RELEASE)

2020-05-21 21:04:50.222  INFO 18516 --- [    Test worker] c.y.b.s.w.d.posts.PostsRepositoryTest    : Starting PostsRepositoryTest on DESKTOP-U1VS4JN with PID 18516 (started by sohny in D:\programming\workspace\IntelliJ\springboot-webservice)
2020-05-21 21:04:50.223  INFO 18516 --- [    Test worker] c.y.b.s.w.d.posts.PostsRepositoryTest    : No active profile set, falling back to default profiles: default
2020-05-21 21:04:50.495  INFO 18516 --- [    Test worker] .s.d.r.c.RepositoryConfigurationDelegate : Bootstrapping Spring Data repositories in DEFAULT mode.
2020-05-21 21:04:50.518  INFO 18516 --- [    Test worker] .s.d.r.c.RepositoryConfigurationDelegate : Finished Spring Data repository scanning in 22ms. Found 2 repository interfaces.
2020-05-21 21:04:50.643  INFO 18516 --- [    Test worker] trationDelegate$BeanPostProcessorChecker : Bean 'org.springframework.transaction.annotation.ProxyTransactionManagementConfiguration' of type [org.springframework.transaction.annotation.ProxyTransactionManagementConfiguration$$EnhancerBySpringCGLIB$$ab6ef662] is not eligible for getting processed by all BeanPostProcessors (for example: not eligible for auto-proxying)
2020-05-21 21:04:50.744  INFO 18516 --- [    Test worker] com.zaxxer.hikari.HikariDataSource       : HikariPool-2 - Starting...
2020-05-21 21:04:50.746  INFO 18516 --- [    Test worker] com.zaxxer.hikari.HikariDataSource       : HikariPool-2 - Start completed.
2020-05-21 21:04:50.772  INFO 18516 --- [    Test worker] o.hibernate.jpa.internal.util.LogHelper  : HHH000204: Processing PersistenceUnitInfo [
	name: default
	...]
2020-05-21 21:04:50.780  INFO 18516 --- [    Test worker] org.hibernate.dialect.Dialect            : HHH000400: Using dialect: org.hibernate.dialect.MySQL5InnoDBDialect
Hibernate: drop table if exists posts
Hibernate: drop table if exists user
Hibernate: create table posts (id bigint not null auto_increment, created_time datetime, modified_date datetime, author varchar(255), content TEXT not null, title varchar(500) not null, primary key (id)) engine=InnoDB
Hibernate: create table user (id bigint not null auto_increment, created_time datetime, modified_date datetime, email varchar(255) not null, name varchar(255) not null, picture varchar(255), role varchar(255) not null, primary key (id)) engine=InnoDB
2020-05-21 21:04:50.824  INFO 18516 --- [    Test worker] o.h.t.schema.internal.SchemaCreatorImpl  : HHH000476: Executing import script 'org.hibernate.tool.schema.internal.exec.ScriptSourceInputNonExistentImpl@3191f5ac'
2020-05-21 21:04:50.824  INFO 18516 --- [    Test worker] j.LocalContainerEntityManagerFactoryBean : Initialized JPA EntityManagerFactory for persistence unit 'default'
2020-05-21 21:04:51.069  INFO 18516 --- [    Test worker] o.h.h.i.QueryTranslatorFactoryInitiator  : HHH000397: Using ASTQueryTranslatorFactory
2020-05-21 21:04:51.227  INFO 18516 --- [    Test worker] o.s.s.web.DefaultSecurityFilterChain     : Creating filter chain: any request, [org.springframework.security.web.context.request.async.WebAsyncManagerIntegrationFilter@68573566, org.springframework.security.web.context.SecurityContextPersistenceFilter@610e27dc, org.springframework.security.web.header.HeaderWriterFilter@7e1b1a20, org.springframework.security.web.authentication.logout.LogoutFilter@3e2ef87d, org.springframework.security.oauth2.client.web.OAuth2AuthorizationRequestRedirectFilter@4abb6556, org.springframework.security.oauth2.client.web.OAuth2LoginAuthenticationFilter@1a634c1b, org.springframework.security.web.authentication.ui.DefaultLoginPageGeneratingFilter@2e0e1aa7, org.springframework.security.web.authentication.ui.DefaultLogoutPageGeneratingFilter@595095ac, org.springframework.security.web.savedrequest.RequestCacheAwareFilter@421388dd, org.springframework.security.web.servletapi.SecurityContextHolderAwareRequestFilter@647f40a5, org.springframework.security.web.authentication.AnonymousAuthenticationFilter@4850ca05, org.springframework.security.web.session.SessionManagementFilter@4dd0ed60, org.springframework.security.web.access.ExceptionTranslationFilter@1c17f53d, org.springframework.security.web.access.intercept.FilterSecurityInterceptor@77a8c3db]
2020-05-21 21:04:51.557  INFO 18516 --- [    Test worker] o.s.s.concurrent.ThreadPoolTaskExecutor  : Initializing ExecutorService 'applicationTaskExecutor'
2020-05-21 21:04:51.572  WARN 18516 --- [    Test worker] aWebConfiguration$JpaWebMvcConfiguration : spring.jpa.open-in-view is enabled by default. Therefore, database queries may be performed during view rendering. Explicitly configure spring.jpa.open-in-view to disable this warning
2020-05-21 21:04:51.603  INFO 18516 --- [    Test worker] o.s.b.a.w.s.WelcomePageHandlerMapping    : Adding welcome page template: index
2020-05-21 21:04:51.974  INFO 18516 --- [    Test worker] s.a.ScheduledAnnotationBeanPostProcessor : No TaskScheduler/ScheduledExecutorService bean found for scheduled processing
2020-05-21 21:04:51.976  INFO 18516 --- [    Test worker] c.y.b.s.w.d.posts.PostsRepositoryTest    : Started PostsRepositoryTest in 1.785 seconds (JVM running for 13.262)
Hibernate: insert into posts (created_time, modified_date, author, content, title) values (?, ?, ?, ?, ?)
Hibernate: select posts0_.id as id1_0_, posts0_.created_time as created_2_0_, posts0_.modified_date as modified3_0_, posts0_.author as author4_0_, posts0_.content as content5_0_, posts0_.title as title6_0_ from posts posts0_
만들었느뇨? -2020-05-21T21:04:52.031, 수정했느뇨?2020-05-21T21:04:52.031
Hibernate: select posts0_.id as id1_0_, posts0_.created_time as created_2_0_, posts0_.modified_date as modified3_0_, posts0_.author as author4_0_, posts0_.content as content5_0_, posts0_.title as title6_0_ from posts posts0_
Hibernate: delete from posts where id=?
Hibernate: insert into posts (created_time, modified_date, author, content, title) values (?, ?, ?, ?, ?)
Hibernate: select posts0_.id as id1_0_, posts0_.created_time as created_2_0_, posts0_.modified_date as modified3_0_, posts0_.author as author4_0_, posts0_.content as content5_0_, posts0_.title as title6_0_ from posts posts0_
Hibernate: select posts0_.id as id1_0_, posts0_.created_time as created_2_0_, posts0_.modified_date as modified3_0_, posts0_.author as author4_0_, posts0_.content as content5_0_, posts0_.title as title6_0_ from posts posts0_
Hibernate: delete from posts where id=?
]]></system-out>
  <system-err><![CDATA[]]></system-err>
</testsuite>
