<?xml version="1.0" encoding="UTF-8"?>
<testsuite name="com.youngjun.book.springboot.web.IndexControllerTest" tests="1" skipped="0" failures="1" errors="0" timestamp="2020-05-21T12:04:49" hostname="DESKTOP-U1VS4JN" time="0.434">
  <properties/>
  <testcase name="indexControllerTest" classname="com.youngjun.book.springboot.web.IndexControllerTest" time="0.434">
    <failure message="java.lang.AssertionError: &#13;&#10;Expecting:&#13;&#10; &lt;&quot;&#13;&#10;&lt;!DOCTYPE HTML&gt;&#13;&#10;&lt;html&gt;&#13;&#10;&lt;head&gt;&#13;&#10;    &lt;title&gt;스프링 부트 웹서비스&lt;/title&gt;&#13;&#10;    &lt;meta http-equiv=&quot;Content-Type&quot; content=&quot;text/html; charset=utf-8&quot;/&gt;&#13;&#10;    &lt;link rel=&quot;stylesheet&quot; href=&quot;https://stackpath.bootstrapcdn.com/bootstrap/4.3.1/css/bootstrap.min.css&quot;&gt;&#13;&#10;&lt;/head&gt;&#13;&#10;&lt;body&gt;&#13;&#10;&#13;&#10;&lt;!--head가 모두 실행되고 나서 body가 실행되므로 js는 footer에 추가한다.--&gt;&#13;&#10;&#13;&#10;    &lt;h1&gt;아쥬 멋진 웹 서비스 ver.2&lt;/h1&gt;&#13;&#10;    &lt;!-- 로그인 기능 영역 --&gt;&#13;&#10;    &lt;div class=&quot;col-md-12&quot;&gt;&#13;&#10;        &lt;div class=&quot;row&quot;&gt;&#13;&#10;            &lt;div class=&quot;col-md-6&quot;&gt;&#13;&#10;                &lt;a href=&quot;/posts/save&quot; role=&quot;button&quot; class=&quot;btn btn-primary&quot;&gt;글 등록&lt;/a&gt;&#13;&#10;                &lt;!-- mustache에는 if else가 없는대신, ^를 사용하면 &quot;~가 없을 경우&quot; 를 나타낼 수 있다. --&gt;&#13;&#10;                &lt;a href=&quot;/oauth2/authorization/google&quot;&#13;&#10;                   class=&quot;btn btn-success active&quot; role=&quot;button&quot;&gt;Google login&lt;/a&gt;&#13;&#10;                &lt;a href=&quot;/oauth2/authorization/naver&quot;&#13;&#10;                   class=&quot;btn btn-success active&quot; role=&quot;button&quot;&gt;Naver login&lt;/a&gt;&#13;&#10;            &lt;/div&gt;&#13;&#10;        &lt;/div&gt;&#13;&#10;    &lt;/div&gt;&lt;!--/.col-md-12 글 등록 버튼--&gt;&#13;&#10;    &lt;br/&gt;&#13;&#10;&#13;&#10;    &lt;!-- 게시글 목록 출력 --&gt;&#13;&#10;    &lt;table class=&quot;table table-horizontal table-bordered&quot;&gt;&#13;&#10;        &lt;thead class=&quot;thead-strong&quot;&gt;&#13;&#10;            &lt;tr&gt;&#13;&#10;                &lt;th&gt;게시글 번호&lt;/th&gt;&#13;&#10;                &lt;th&gt;제목&lt;/th&gt;&#13;&#10;                &lt;th&gt;작성자&lt;/th&gt;&#13;&#10;                &lt;th&gt;최종 수정일&lt;/th&gt;&#13;&#10;            &lt;/tr&gt;&#13;&#10;        &lt;/thead&gt;&#13;&#10;&#13;&#10;        &lt;tbody id=&quot;tbody&quot;&gt;&#13;&#10;                &lt;/tbody&gt;&#13;&#10;    &lt;/table&gt;&#13;&#10;&#13;&#10;&lt;script src=&quot;https://code.jquery.com/jquery-3.3.1.min.js&quot;&gt;&lt;/script&gt;&#13;&#10;&lt;script src=&quot;https://maxcdn.bootstrapcdn.com/bootstrap/3.3.2/js/bootstrap.min.js&quot;&gt;&lt;/script&gt;&#13;&#10;&lt;script src=&quot;/js/app/index.js&quot;&gt;&lt;/script&gt; &lt;!--/*1 --&gt;&#13;&#10;&lt;/body&gt;&#13;&#10;&lt;/html&gt;&#13;&#10;&lt;!--&#13;&#10;페이지 로딩 속도를 높이기 위해 css는 header에 , js는  footer에 둠&#13;&#10;*1 스프링부트는 src/main/resources/static 에 위치한 자바스크립트,&#13;&#10;    CSS, 이미지 등 정적 파일을 절대경로 / 로 설정할 수 있다.&#13;&#10;--&gt;&#13;&#10;&quot;&gt;&#13;&#10;to contain:&#13;&#10; &lt;&quot;스프링 부트로 시작하는 웹서비스&quot;&gt; " type="java.lang.AssertionError">java.lang.AssertionError: 
Expecting:
 &lt;&quot;
&lt;!DOCTYPE HTML&gt;
&lt;html&gt;
&lt;head&gt;
    &lt;title&gt;스프링 부트 웹서비스&lt;/title&gt;
    &lt;meta http-equiv=&quot;Content-Type&quot; content=&quot;text/html; charset=utf-8&quot;/&gt;
    &lt;link rel=&quot;stylesheet&quot; href=&quot;https://stackpath.bootstrapcdn.com/bootstrap/4.3.1/css/bootstrap.min.css&quot;&gt;
&lt;/head&gt;
&lt;body&gt;

&lt;!--head가 모두 실행되고 나서 body가 실행되므로 js는 footer에 추가한다.--&gt;

    &lt;h1&gt;아쥬 멋진 웹 서비스 ver.2&lt;/h1&gt;
    &lt;!-- 로그인 기능 영역 --&gt;
    &lt;div class=&quot;col-md-12&quot;&gt;
        &lt;div class=&quot;row&quot;&gt;
            &lt;div class=&quot;col-md-6&quot;&gt;
                &lt;a href=&quot;/posts/save&quot; role=&quot;button&quot; class=&quot;btn btn-primary&quot;&gt;글 등록&lt;/a&gt;
                &lt;!-- mustache에는 if else가 없는대신, ^를 사용하면 &quot;~가 없을 경우&quot; 를 나타낼 수 있다. --&gt;
                &lt;a href=&quot;/oauth2/authorization/google&quot;
                   class=&quot;btn btn-success active&quot; role=&quot;button&quot;&gt;Google login&lt;/a&gt;
                &lt;a href=&quot;/oauth2/authorization/naver&quot;
                   class=&quot;btn btn-success active&quot; role=&quot;button&quot;&gt;Naver login&lt;/a&gt;
            &lt;/div&gt;
        &lt;/div&gt;
    &lt;/div&gt;&lt;!--/.col-md-12 글 등록 버튼--&gt;
    &lt;br/&gt;

    &lt;!-- 게시글 목록 출력 --&gt;
    &lt;table class=&quot;table table-horizontal table-bordered&quot;&gt;
        &lt;thead class=&quot;thead-strong&quot;&gt;
            &lt;tr&gt;
                &lt;th&gt;게시글 번호&lt;/th&gt;
                &lt;th&gt;제목&lt;/th&gt;
                &lt;th&gt;작성자&lt;/th&gt;
                &lt;th&gt;최종 수정일&lt;/th&gt;
            &lt;/tr&gt;
        &lt;/thead&gt;

        &lt;tbody id=&quot;tbody&quot;&gt;
                &lt;/tbody&gt;
    &lt;/table&gt;

&lt;script src=&quot;https://code.jquery.com/jquery-3.3.1.min.js&quot;&gt;&lt;/script&gt;
&lt;script src=&quot;https://maxcdn.bootstrapcdn.com/bootstrap/3.3.2/js/bootstrap.min.js&quot;&gt;&lt;/script&gt;
&lt;script src=&quot;/js/app/index.js&quot;&gt;&lt;/script&gt; &lt;!--/*1 --&gt;
&lt;/body&gt;
&lt;/html&gt;
&lt;!--
페이지 로딩 속도를 높이기 위해 css는 header에 , js는  footer에 둠
*1 스프링부트는 src/main/resources/static 에 위치한 자바스크립트,
    CSS, 이미지 등 정적 파일을 절대경로 / 로 설정할 수 있다.
--&gt;
&quot;&gt;
to contain:
 &lt;&quot;스프링 부트로 시작하는 웹서비스&quot;&gt; 
	at com.youngjun.book.springboot.web.IndexControllerTest.indexControllerTest(IndexControllerTest.java:26)
	at sun.reflect.NativeMethodAccessorImpl.invoke0(Native Method)
	at sun.reflect.NativeMethodAccessorImpl.invoke(NativeMethodAccessorImpl.java:62)
	at sun.reflect.DelegatingMethodAccessorImpl.invoke(DelegatingMethodAccessorImpl.java:43)
	at java.lang.reflect.Method.invoke(Method.java:498)
	at org.junit.runners.model.FrameworkMethod$1.runReflectiveCall(FrameworkMethod.java:50)
	at org.junit.internal.runners.model.ReflectiveCallable.run(ReflectiveCallable.java:12)
	at org.junit.runners.model.FrameworkMethod.invokeExplosively(FrameworkMethod.java:47)
	at org.junit.internal.runners.statements.InvokeMethod.evaluate(InvokeMethod.java:17)
	at org.springframework.test.context.junit4.statements.RunBeforeTestExecutionCallbacks.evaluate(RunBeforeTestExecutionCallbacks.java:74)
	at org.springframework.test.context.junit4.statements.RunAfterTestExecutionCallbacks.evaluate(RunAfterTestExecutionCallbacks.java:84)
	at org.springframework.test.context.junit4.statements.RunBeforeTestMethodCallbacks.evaluate(RunBeforeTestMethodCallbacks.java:75)
	at org.springframework.test.context.junit4.statements.RunAfterTestMethodCallbacks.evaluate(RunAfterTestMethodCallbacks.java:86)
	at org.springframework.test.context.junit4.statements.SpringRepeat.evaluate(SpringRepeat.java:84)
	at org.junit.runners.ParentRunner.runLeaf(ParentRunner.java:325)
	at org.springframework.test.context.junit4.SpringJUnit4ClassRunner.runChild(SpringJUnit4ClassRunner.java:251)
	at org.springframework.test.context.junit4.SpringJUnit4ClassRunner.runChild(SpringJUnit4ClassRunner.java:97)
	at org.junit.runners.ParentRunner$3.run(ParentRunner.java:290)
	at org.junit.runners.ParentRunner$1.schedule(ParentRunner.java:71)
	at org.junit.runners.ParentRunner.runChildren(ParentRunner.java:288)
	at org.junit.runners.ParentRunner.access$000(ParentRunner.java:58)
	at org.junit.runners.ParentRunner$2.evaluate(ParentRunner.java:268)
	at org.springframework.test.context.junit4.statements.RunBeforeTestClassCallbacks.evaluate(RunBeforeTestClassCallbacks.java:61)
	at org.springframework.test.context.junit4.statements.RunAfterTestClassCallbacks.evaluate(RunAfterTestClassCallbacks.java:70)
	at org.junit.runners.ParentRunner.run(ParentRunner.java:363)
	at org.springframework.test.context.junit4.SpringJUnit4ClassRunner.run(SpringJUnit4ClassRunner.java:190)
	at org.gradle.api.internal.tasks.testing.junit.JUnitTestClassExecutor.runTestClass(JUnitTestClassExecutor.java:106)
	at org.gradle.api.internal.tasks.testing.junit.JUnitTestClassExecutor.execute(JUnitTestClassExecutor.java:58)
	at org.gradle.api.internal.tasks.testing.junit.JUnitTestClassExecutor.execute(JUnitTestClassExecutor.java:38)
	at org.gradle.api.internal.tasks.testing.junit.AbstractJUnitTestClassProcessor.processTestClass(AbstractJUnitTestClassProcessor.java:66)
	at org.gradle.api.internal.tasks.testing.SuiteTestClassProcessor.processTestClass(SuiteTestClassProcessor.java:51)
	at sun.reflect.NativeMethodAccessorImpl.invoke0(Native Method)
	at sun.reflect.NativeMethodAccessorImpl.invoke(NativeMethodAccessorImpl.java:62)
	at sun.reflect.DelegatingMethodAccessorImpl.invoke(DelegatingMethodAccessorImpl.java:43)
	at java.lang.reflect.Method.invoke(Method.java:498)
	at org.gradle.internal.dispatch.ReflectionDispatch.dispatch(ReflectionDispatch.java:35)
	at org.gradle.internal.dispatch.ReflectionDispatch.dispatch(ReflectionDispatch.java:24)
	at org.gradle.internal.dispatch.ContextClassLoaderDispatch.dispatch(ContextClassLoaderDispatch.java:32)
	at org.gradle.internal.dispatch.ProxyDispatchAdapter$DispatchingInvocationHandler.invoke(ProxyDispatchAdapter.java:93)
	at com.sun.proxy.$Proxy2.processTestClass(Unknown Source)
	at org.gradle.api.internal.tasks.testing.worker.TestWorker.processTestClass(TestWorker.java:117)
	at sun.reflect.NativeMethodAccessorImpl.invoke0(Native Method)
	at sun.reflect.NativeMethodAccessorImpl.invoke(NativeMethodAccessorImpl.java:62)
	at sun.reflect.DelegatingMethodAccessorImpl.invoke(DelegatingMethodAccessorImpl.java:43)
	at java.lang.reflect.Method.invoke(Method.java:498)
	at org.gradle.internal.dispatch.ReflectionDispatch.dispatch(ReflectionDispatch.java:35)
	at org.gradle.internal.dispatch.ReflectionDispatch.dispatch(ReflectionDispatch.java:24)
	at org.gradle.internal.remote.internal.hub.MessageHubBackedObjectConnection$DispatchWrapper.dispatch(MessageHubBackedObjectConnection.java:155)
	at org.gradle.internal.remote.internal.hub.MessageHubBackedObjectConnection$DispatchWrapper.dispatch(MessageHubBackedObjectConnection.java:137)
	at org.gradle.internal.remote.internal.hub.MessageHub$Handler.run(MessageHub.java:404)
	at org.gradle.internal.concurrent.ExecutorPolicy$CatchAndRecordFailures.onExecute(ExecutorPolicy.java:63)
	at org.gradle.internal.concurrent.ManagedExecutorImpl$1.run(ManagedExecutorImpl.java:46)
	at java.util.concurrent.ThreadPoolExecutor.runWorker(ThreadPoolExecutor.java:1149)
	at java.util.concurrent.ThreadPoolExecutor$Worker.run(ThreadPoolExecutor.java:624)
	at org.gradle.internal.concurrent.ThreadFactoryImpl$ManagedThreadRunnable.run(ThreadFactoryImpl.java:55)
	at java.lang.Thread.run(Thread.java:748)
</failure>
  </testcase>
  <system-out><![CDATA[21:04:40.488 [Test worker] DEBUG org.springframework.test.context.junit4.SpringJUnit4ClassRunner - SpringJUnit4ClassRunner constructor called with [class com.youngjun.book.springboot.web.IndexControllerTest]
21:04:40.503 [Test worker] DEBUG org.springframework.test.context.BootstrapUtils - Instantiating CacheAwareContextLoaderDelegate from class [org.springframework.test.context.cache.DefaultCacheAwareContextLoaderDelegate]
21:04:40.515 [Test worker] DEBUG org.springframework.test.context.BootstrapUtils - Instantiating BootstrapContext using constructor [public org.springframework.test.context.support.DefaultBootstrapContext(java.lang.Class,org.springframework.test.context.CacheAwareContextLoaderDelegate)]
21:04:40.538 [Test worker] DEBUG org.springframework.test.context.BootstrapUtils - Instantiating TestContextBootstrapper for test class [com.youngjun.book.springboot.web.IndexControllerTest] from class [org.springframework.boot.test.context.SpringBootTestContextBootstrapper]
21:04:40.562 [Test worker] INFO org.springframework.boot.test.context.SpringBootTestContextBootstrapper - Neither @ContextConfiguration nor @ContextHierarchy found for test class [com.youngjun.book.springboot.web.IndexControllerTest], using SpringBootContextLoader
21:04:40.570 [Test worker] DEBUG org.springframework.test.context.support.AbstractContextLoader - Did not detect default resource location for test class [com.youngjun.book.springboot.web.IndexControllerTest]: class path resource [com/youngjun/book/springboot/web/IndexControllerTest-context.xml] does not exist
21:04:40.570 [Test worker] DEBUG org.springframework.test.context.support.AbstractContextLoader - Did not detect default resource location for test class [com.youngjun.book.springboot.web.IndexControllerTest]: class path resource [com/youngjun/book/springboot/web/IndexControllerTestContext.groovy] does not exist
21:04:40.571 [Test worker] INFO org.springframework.test.context.support.AbstractContextLoader - Could not detect default resource locations for test class [com.youngjun.book.springboot.web.IndexControllerTest]: no resource found for suffixes {-context.xml, Context.groovy}.
21:04:40.572 [Test worker] INFO org.springframework.test.context.support.AnnotationConfigContextLoaderUtils - Could not detect default configuration classes for test class [com.youngjun.book.springboot.web.IndexControllerTest]: IndexControllerTest does not declare any static, non-private, non-final, nested classes annotated with @Configuration.
21:04:40.637 [Test worker] DEBUG org.springframework.test.context.support.ActiveProfilesUtils - Could not find an 'annotation declaring class' for annotation type [org.springframework.test.context.ActiveProfiles] and class [com.youngjun.book.springboot.web.IndexControllerTest]
21:04:40.779 [Test worker] DEBUG org.springframework.context.annotation.ClassPathScanningCandidateComponentProvider - Identified candidate component class: file [D:\programming\workspace\IntelliJ\springboot-webservice\build\classes\java\main\com\youngjun\book\springboot\Application.class]
21:04:40.781 [Test worker] INFO org.springframework.boot.test.context.SpringBootTestContextBootstrapper - Found @SpringBootConfiguration com.youngjun.book.springboot.Application for test class com.youngjun.book.springboot.web.IndexControllerTest
21:04:40.912 [Test worker] DEBUG org.springframework.boot.test.context.SpringBootTestContextBootstrapper - @TestExecutionListeners is not present for class [com.youngjun.book.springboot.web.IndexControllerTest]: using defaults.
21:04:40.913 [Test worker] INFO org.springframework.boot.test.context.SpringBootTestContextBootstrapper - Loaded default TestExecutionListener class names from location [META-INF/spring.factories]: [org.springframework.security.test.context.support.WithSecurityContextTestExecutionListener, org.springframework.security.test.context.support.ReactorContextTestExecutionListener, org.springframework.boot.test.autoconfigure.restdocs.RestDocsTestExecutionListener, org.springframework.boot.test.autoconfigure.web.client.MockRestServiceServerResetTestExecutionListener, org.springframework.boot.test.autoconfigure.web.servlet.MockMvcPrintOnlyOnFailureTestExecutionListener, org.springframework.boot.test.autoconfigure.web.servlet.WebDriverTestExecutionListener, org.springframework.boot.test.mock.mockito.MockitoTestExecutionListener, org.springframework.boot.test.mock.mockito.ResetMocksTestExecutionListener, org.springframework.test.context.web.ServletTestExecutionListener, org.springframework.test.context.support.DirtiesContextBeforeModesTestExecutionListener, org.springframework.test.context.support.DependencyInjectionTestExecutionListener, org.springframework.test.context.support.DirtiesContextTestExecutionListener, org.springframework.test.context.transaction.TransactionalTestExecutionListener, org.springframework.test.context.jdbc.SqlScriptsTestExecutionListener]
21:04:40.941 [Test worker] INFO org.springframework.boot.test.context.SpringBootTestContextBootstrapper - Using TestExecutionListeners: [org.springframework.test.context.web.ServletTestExecutionListener@e16bf53, org.springframework.test.context.support.DirtiesContextBeforeModesTestExecutionListener@257754a6, org.springframework.boot.test.mock.mockito.MockitoTestExecutionListener@5d654e1a, org.springframework.boot.test.autoconfigure.SpringBootDependencyInjectionTestExecutionListener@7fcb4460, org.springframework.test.context.support.DirtiesContextTestExecutionListener@449c90ed, org.springframework.test.context.transaction.TransactionalTestExecutionListener@5bd12ebc, org.springframework.test.context.jdbc.SqlScriptsTestExecutionListener@2c33be42, org.springframework.security.test.context.support.WithSecurityContextTestExecutionListener@97e17e0, org.springframework.security.test.context.support.ReactorContextTestExecutionListener@29c5e5da, org.springframework.boot.test.autoconfigure.restdocs.RestDocsTestExecutionListener@7b338a90, org.springframework.boot.test.autoconfigure.web.client.MockRestServiceServerResetTestExecutionListener@4a43ea1a, org.springframework.boot.test.autoconfigure.web.servlet.MockMvcPrintOnlyOnFailureTestExecutionListener@33fb25a5, org.springframework.boot.test.autoconfigure.web.servlet.WebDriverTestExecutionListener@3516ed35, org.springframework.boot.test.mock.mockito.ResetMocksTestExecutionListener@5296960d]
21:04:40.946 [Test worker] DEBUG org.springframework.test.annotation.ProfileValueUtils - Retrieved @ProfileValueSourceConfiguration [null] for test class [com.youngjun.book.springboot.web.IndexControllerTest]
21:04:40.947 [Test worker] DEBUG org.springframework.test.annotation.ProfileValueUtils - Retrieved ProfileValueSource type [class org.springframework.test.annotation.SystemProfileValueSource] for class [com.youngjun.book.springboot.web.IndexControllerTest]
21:04:40.948 [Test worker] DEBUG org.springframework.test.annotation.ProfileValueUtils - Retrieved @ProfileValueSourceConfiguration [null] for test class [com.youngjun.book.springboot.web.IndexControllerTest]
21:04:40.949 [Test worker] DEBUG org.springframework.test.annotation.ProfileValueUtils - Retrieved ProfileValueSource type [class org.springframework.test.annotation.SystemProfileValueSource] for class [com.youngjun.book.springboot.web.IndexControllerTest]
21:04:40.955 [Test worker] DEBUG org.springframework.test.context.support.AbstractDirtiesContextTestExecutionListener - Before test class: context [DefaultTestContext@505c66d1 testClass = IndexControllerTest, testInstance = [null], testMethod = [null], testException = [null], mergedContextConfiguration = [WebMergedContextConfiguration@6fc19bce testClass = IndexControllerTest, locations = '{}', classes = '{class com.youngjun.book.springboot.Application}', contextInitializerClasses = '[]', activeProfiles = '{}', propertySourceLocations = '{}', propertySourceProperties = '{org.springframework.boot.test.context.SpringBootTestContextBootstrapper=true, server.port=0}', contextCustomizers = set[org.springframework.boot.test.autoconfigure.properties.PropertyMappingContextCustomizer@0, org.springframework.boot.test.autoconfigure.web.servlet.WebDriverContextCustomizerFactory$Customizer@596e7b85, org.springframework.boot.test.context.filter.ExcludeFilterContextCustomizer@616b7e42, org.springframework.boot.test.json.DuplicateJsonObjectContextCustomizerFactory$DuplicateJsonObjectContextCustomizer@71862fae, org.springframework.boot.test.mock.mockito.MockitoContextCustomizer@0, org.springframework.boot.test.web.client.TestRestTemplateContextCustomizer@11170514], resourceBasePath = 'src/main/webapp', contextLoader = 'org.springframework.boot.test.context.SpringBootContextLoader', parent = [null]], attributes = map['org.springframework.test.context.web.ServletTestExecutionListener.activateListener' -> false]], class annotated with @DirtiesContext [false] with mode [null].
21:04:40.956 [Test worker] DEBUG org.springframework.test.annotation.ProfileValueUtils - Retrieved @ProfileValueSourceConfiguration [null] for test class [com.youngjun.book.springboot.web.IndexControllerTest]
21:04:40.956 [Test worker] DEBUG org.springframework.test.annotation.ProfileValueUtils - Retrieved ProfileValueSource type [class org.springframework.test.annotation.SystemProfileValueSource] for class [com.youngjun.book.springboot.web.IndexControllerTest]
21:04:40.961 [Test worker] DEBUG org.springframework.test.context.support.DependencyInjectionTestExecutionListener - Performing dependency injection for test context [[DefaultTestContext@505c66d1 testClass = IndexControllerTest, testInstance = com.youngjun.book.springboot.web.IndexControllerTest@348ea28c, testMethod = [null], testException = [null], mergedContextConfiguration = [WebMergedContextConfiguration@6fc19bce testClass = IndexControllerTest, locations = '{}', classes = '{class com.youngjun.book.springboot.Application}', contextInitializerClasses = '[]', activeProfiles = '{}', propertySourceLocations = '{}', propertySourceProperties = '{org.springframework.boot.test.context.SpringBootTestContextBootstrapper=true, server.port=0}', contextCustomizers = set[org.springframework.boot.test.autoconfigure.properties.PropertyMappingContextCustomizer@0, org.springframework.boot.test.autoconfigure.web.servlet.WebDriverContextCustomizerFactory$Customizer@596e7b85, org.springframework.boot.test.context.filter.ExcludeFilterContextCustomizer@616b7e42, org.springframework.boot.test.json.DuplicateJsonObjectContextCustomizerFactory$DuplicateJsonObjectContextCustomizer@71862fae, org.springframework.boot.test.mock.mockito.MockitoContextCustomizer@0, org.springframework.boot.test.web.client.TestRestTemplateContextCustomizer@11170514], resourceBasePath = 'src/main/webapp', contextLoader = 'org.springframework.boot.test.context.SpringBootContextLoader', parent = [null]], attributes = map['org.springframework.test.context.web.ServletTestExecutionListener.activateListener' -> false]]].
21:04:40.986 [Test worker] DEBUG org.springframework.test.context.support.TestPropertySourceUtils - Adding inlined properties to environment: {spring.jmx.enabled=false, org.springframework.boot.test.context.SpringBootTestContextBootstrapper=true, server.port=0}

  .   ____          _            __ _ _
 /\\ / ___'_ __ _ _(_)_ __  __ _ \ \ \ \
( ( )\___ | '_ | '_| | '_ \/ _` | \ \ \ \
 \\/  ___)| |_)| | | | | || (_| |  ) ) ) )
  '  |____| .__|_| |_|_| |_\__, | / / / /
 =========|_|==============|___/=/_/_/_/
 :: Spring Boot ::        (v2.1.9.RELEASE)

2020-05-21 21:04:41.407  INFO 18516 --- [    Test worker] c.y.b.s.web.IndexControllerTest          : Starting IndexControllerTest on DESKTOP-U1VS4JN with PID 18516 (started by sohny in D:\programming\workspace\IntelliJ\springboot-webservice)
2020-05-21 21:04:41.415  INFO 18516 --- [    Test worker] c.y.b.s.web.IndexControllerTest          : No active profile set, falling back to default profiles: default
2020-05-21 21:04:42.680  INFO 18516 --- [    Test worker] .s.d.r.c.RepositoryConfigurationDelegate : Bootstrapping Spring Data repositories in DEFAULT mode.
2020-05-21 21:04:42.798  INFO 18516 --- [    Test worker] .s.d.r.c.RepositoryConfigurationDelegate : Finished Spring Data repository scanning in 102ms. Found 2 repository interfaces.
2020-05-21 21:04:43.532  INFO 18516 --- [    Test worker] trationDelegate$BeanPostProcessorChecker : Bean 'org.springframework.transaction.annotation.ProxyTransactionManagementConfiguration' of type [org.springframework.transaction.annotation.ProxyTransactionManagementConfiguration$$EnhancerBySpringCGLIB$$ab6ef662] is not eligible for getting processed by all BeanPostProcessors (for example: not eligible for auto-proxying)
2020-05-21 21:04:44.124  INFO 18516 --- [    Test worker] o.s.b.w.embedded.tomcat.TomcatWebServer  : Tomcat initialized with port(s): 0 (http)
2020-05-21 21:04:44.167  INFO 18516 --- [    Test worker] o.apache.catalina.core.StandardService   : Starting service [Tomcat]
2020-05-21 21:04:44.168  INFO 18516 --- [    Test worker] org.apache.catalina.core.StandardEngine  : Starting Servlet engine: [Apache Tomcat/9.0.26]
2020-05-21 21:04:44.450  INFO 18516 --- [    Test worker] o.a.c.c.C.[Tomcat].[localhost].[/]       : Initializing Spring embedded WebApplicationContext
2020-05-21 21:04:44.450  INFO 18516 --- [    Test worker] o.s.web.context.ContextLoader            : Root WebApplicationContext: initialization completed in 2985 ms
2020-05-21 21:04:44.943  INFO 18516 --- [    Test worker] com.zaxxer.hikari.HikariDataSource       : HikariPool-1 - Starting...
2020-05-21 21:04:45.215  INFO 18516 --- [    Test worker] com.zaxxer.hikari.HikariDataSource       : HikariPool-1 - Start completed.
2020-05-21 21:04:45.378  INFO 18516 --- [    Test worker] o.hibernate.jpa.internal.util.LogHelper  : HHH000204: Processing PersistenceUnitInfo [
	name: default
	...]
2020-05-21 21:04:45.493  INFO 18516 --- [    Test worker] org.hibernate.Version                    : HHH000412: Hibernate Core {5.3.12.Final}
2020-05-21 21:04:45.496  INFO 18516 --- [    Test worker] org.hibernate.cfg.Environment            : HHH000206: hibernate.properties not found
2020-05-21 21:04:45.738  INFO 18516 --- [    Test worker] o.hibernate.annotations.common.Version   : HCANN000001: Hibernate Commons Annotations {5.0.4.Final}
2020-05-21 21:04:46.033  INFO 18516 --- [    Test worker] org.hibernate.dialect.Dialect            : HHH000400: Using dialect: org.hibernate.dialect.MySQL5InnoDBDialect
Hibernate: drop table if exists posts
Hibernate: drop table if exists user
Hibernate: create table posts (id bigint not null auto_increment, created_time datetime, modified_date datetime, author varchar(255), content TEXT not null, title varchar(500) not null, primary key (id)) engine=InnoDB
Hibernate: create table user (id bigint not null auto_increment, created_time datetime, modified_date datetime, email varchar(255) not null, name varchar(255) not null, picture varchar(255), role varchar(255) not null, primary key (id)) engine=InnoDB
2020-05-21 21:04:46.931  INFO 18516 --- [    Test worker] o.h.t.schema.internal.SchemaCreatorImpl  : HHH000476: Executing import script 'org.hibernate.tool.schema.internal.exec.ScriptSourceInputNonExistentImpl@3191f5ac'
2020-05-21 21:04:46.936  INFO 18516 --- [    Test worker] j.LocalContainerEntityManagerFactoryBean : Initialized JPA EntityManagerFactory for persistence unit 'default'
2020-05-21 21:04:47.972  INFO 18516 --- [    Test worker] o.h.h.i.QueryTranslatorFactoryInitiator  : HHH000397: Using ASTQueryTranslatorFactory
2020-05-21 21:04:48.574  INFO 18516 --- [    Test worker] o.s.s.web.DefaultSecurityFilterChain     : Creating filter chain: any request, [org.springframework.security.web.context.request.async.WebAsyncManagerIntegrationFilter@793a2f20, org.springframework.security.web.context.SecurityContextPersistenceFilter@133e1f5b, org.springframework.security.web.header.HeaderWriterFilter@2327b8a0, org.springframework.security.web.authentication.logout.LogoutFilter@1e5dd4aa, org.springframework.security.oauth2.client.web.OAuth2AuthorizationRequestRedirectFilter@2fda0fbe, org.springframework.security.oauth2.client.web.OAuth2LoginAuthenticationFilter@6c4078b1, org.springframework.security.web.authentication.ui.DefaultLoginPageGeneratingFilter@53740a91, org.springframework.security.web.authentication.ui.DefaultLogoutPageGeneratingFilter@1c75a7f1, org.springframework.security.web.savedrequest.RequestCacheAwareFilter@262fb2ad, org.springframework.security.web.servletapi.SecurityContextHolderAwareRequestFilter@2424adf9, org.springframework.security.web.authentication.AnonymousAuthenticationFilter@6c46efc, org.springframework.security.web.session.SessionManagementFilter@4154681d, org.springframework.security.web.access.ExceptionTranslationFilter@34dcfd24, org.springframework.security.web.access.intercept.FilterSecurityInterceptor@1d51c55]
2020-05-21 21:04:49.026  INFO 18516 --- [    Test worker] o.s.s.concurrent.ThreadPoolTaskExecutor  : Initializing ExecutorService 'applicationTaskExecutor'
2020-05-21 21:04:49.121  WARN 18516 --- [    Test worker] aWebConfiguration$JpaWebMvcConfiguration : spring.jpa.open-in-view is enabled by default. Therefore, database queries may be performed during view rendering. Explicitly configure spring.jpa.open-in-view to disable this warning
2020-05-21 21:04:49.209  INFO 18516 --- [    Test worker] o.s.b.a.w.s.WelcomePageHandlerMapping    : Adding welcome page template: index
2020-05-21 21:04:49.686  INFO 18516 --- [    Test worker] s.a.ScheduledAnnotationBeanPostProcessor : No TaskScheduler/ScheduledExecutorService bean found for scheduled processing
2020-05-21 21:04:49.713  INFO 18516 --- [    Test worker] o.s.b.w.embedded.tomcat.TomcatWebServer  : Tomcat started on port(s): 6570 (http) with context path ''
2020-05-21 21:04:49.716  INFO 18516 --- [    Test worker] c.y.b.s.web.IndexControllerTest          : Started IndexControllerTest in 8.728 seconds (JVM running for 11.002)
2020-05-21 21:04:49.887  INFO 18516 --- [o-auto-1-exec-1] o.a.c.c.C.[Tomcat].[localhost].[/]       : Initializing Spring DispatcherServlet 'dispatcherServlet'
2020-05-21 21:04:49.887  INFO 18516 --- [o-auto-1-exec-1] o.s.web.servlet.DispatcherServlet        : Initializing Servlet 'dispatcherServlet'
2020-05-21 21:04:49.915  INFO 18516 --- [o-auto-1-exec-1] o.s.web.servlet.DispatcherServlet        : Completed initialization in 28 ms
Hibernate: select posts0_.id as id1_0_, posts0_.created_time as created_2_0_, posts0_.modified_date as modified3_0_, posts0_.author as author4_0_, posts0_.content as content5_0_, posts0_.title as title6_0_ from posts posts0_ order by posts0_.id DESC
]]></system-out>
  <system-err><![CDATA[]]></system-err>
</testsuite>
