<?xml version="1.0" encoding="UTF-8"?>
<testsuite name="com.youngjun.book.springboot.web.dto.HelloResponseDTOTest" tests="1" skipped="0" failures="0" errors="0" timestamp="2020-05-22T10:09:14" hostname="DESKTOP-U1VS4JN" time="0.003">
  <properties/>
  <testcase name="lombokTest" classname="com.youngjun.book.springboot.web.dto.HelloResponseDTOTest" time="0.003"/>
  <system-out><![CDATA[]]></system-out>
  <system-err><![CDATA[]]></system-err>
</testsuite>
