<?xml version="1.0" encoding="UTF-8"?>
<testsuite name="com.youngjun.book.springboot.web.HelloControllerTest" tests="2" skipped="0" failures="0" errors="0" timestamp="2020-05-21T12:04:53" hostname="DESKTOP-U1VS4JN" time="0.135">
  <properties/>
  <testcase name="helloDTOTest" classname="com.youngjun.book.springboot.web.HelloControllerTest" time="0.126"/>
  <testcase name="helloTest" classname="com.youngjun.book.springboot.web.HelloControllerTest" time="0.008"/>
  <system-out><![CDATA[2020-05-21 21:04:52.136  INFO 18516 --- [    Test worker] .b.t.a.w.s.WebMvcTestContextBootstrapper : Neither @ContextConfiguration nor @ContextHierarchy found for test class [com.youngjun.book.springboot.web.HelloControllerTest], using SpringBootContextLoader
2020-05-21 21:04:52.136  INFO 18516 --- [    Test worker] o.s.t.c.support.AbstractContextLoader    : Could not detect default resource locations for test class [com.youngjun.book.springboot.web.HelloControllerTest]: no resource found for suffixes {-context.xml, Context.groovy}.
2020-05-21 21:04:52.136  INFO 18516 --- [    Test worker] t.c.s.AnnotationConfigContextLoaderUtils : Could not detect default configuration classes for test class [com.youngjun.book.springboot.web.HelloControllerTest]: HelloControllerTest does not declare any static, non-private, non-final, nested classes annotated with @Configuration.
2020-05-21 21:04:52.153  INFO 18516 --- [    Test worker] .b.t.c.SpringBootTestContextBootstrapper : Found @SpringBootConfiguration com.youngjun.book.springboot.Application for test class com.youngjun.book.springboot.web.HelloControllerTest
2020-05-21 21:04:52.154  INFO 18516 --- [    Test worker] .b.t.a.w.s.WebMvcTestContextBootstrapper : Loaded default TestExecutionListener class names from location [META-INF/spring.factories]: [org.springframework.security.test.context.support.WithSecurityContextTestExecutionListener, org.springframework.security.test.context.support.ReactorContextTestExecutionListener, org.springframework.boot.test.autoconfigure.restdocs.RestDocsTestExecutionListener, org.springframework.boot.test.autoconfigure.web.client.MockRestServiceServerResetTestExecutionListener, org.springframework.boot.test.autoconfigure.web.servlet.MockMvcPrintOnlyOnFailureTestExecutionListener, org.springframework.boot.test.autoconfigure.web.servlet.WebDriverTestExecutionListener, org.springframework.boot.test.mock.mockito.MockitoTestExecutionListener, org.springframework.boot.test.mock.mockito.ResetMocksTestExecutionListener, org.springframework.test.context.web.ServletTestExecutionListener, org.springframework.test.context.support.DirtiesContextBeforeModesTestExecutionListener, org.springframework.test.context.support.DependencyInjectionTestExecutionListener, org.springframework.test.context.support.DirtiesContextTestExecutionListener, org.springframework.test.context.transaction.TransactionalTestExecutionListener, org.springframework.test.context.jdbc.SqlScriptsTestExecutionListener]
2020-05-21 21:04:52.155  INFO 18516 --- [    Test worker] .b.t.a.w.s.WebMvcTestContextBootstrapper : Using TestExecutionListeners: [org.springframework.test.context.web.ServletTestExecutionListener@25560373, org.springframework.test.context.support.DirtiesContextBeforeModesTestExecutionListener@39d4cb10, org.springframework.boot.test.mock.mockito.MockitoTestExecutionListener@2c55d73b, org.springframework.boot.test.autoconfigure.SpringBootDependencyInjectionTestExecutionListener@18d73c3d, org.springframework.test.context.support.DirtiesContextTestExecutionListener@d0ff9cf, org.springframework.test.context.transaction.TransactionalTestExecutionListener@129c3f35, org.springframework.test.context.jdbc.SqlScriptsTestExecutionListener@10f2de52, org.springframework.security.test.context.support.WithSecurityContextTestExecutionListener@31e52ea5, org.springframework.security.test.context.support.ReactorContextTestExecutionListener@435678d7, org.springframework.boot.test.autoconfigure.restdocs.RestDocsTestExecutionListener@30c0921f, org.springframework.boot.test.autoconfigure.web.client.MockRestServiceServerResetTestExecutionListener@36c6da1b, org.springframework.boot.test.autoconfigure.web.servlet.MockMvcPrintOnlyOnFailureTestExecutionListener@2ece4a60, org.springframework.boot.test.autoconfigure.web.servlet.WebDriverTestExecutionListener@5e2e0fae, org.springframework.boot.test.mock.mockito.ResetMocksTestExecutionListener@6a4a2e1e]

  .   ____          _            __ _ _
 /\\ / ___'_ __ _ _(_)_ __  __ _ \ \ \ \
( ( )\___ | '_ | '_| | '_ \/ _` | \ \ \ \
 \\/  ___)| |_)| | | | | || (_| |  ) ) ) )
  '  |____| .__|_| |_|_| |_\__, | / / / /
 =========|_|==============|___/=/_/_/_/
 :: Spring Boot ::        (v2.1.9.RELEASE)

2020-05-21 21:04:52.184  INFO 18516 --- [    Test worker] c.y.b.s.web.HelloControllerTest          : Starting HelloControllerTest on DESKTOP-U1VS4JN with PID 18516 (started by sohny in D:\programming\workspace\IntelliJ\springboot-webservice)
2020-05-21 21:04:52.185  INFO 18516 --- [    Test worker] c.y.b.s.web.HelloControllerTest          : No active profile set, falling back to default profiles: default
2020-05-21 21:04:52.726  INFO 18516 --- [    Test worker] o.s.s.concurrent.ThreadPoolTaskExecutor  : Initializing ExecutorService 'applicationTaskExecutor'
2020-05-21 21:04:52.758  INFO 18516 --- [    Test worker] o.s.b.a.w.s.WelcomePageHandlerMapping    : Adding welcome page template: index
2020-05-21 21:04:52.968  INFO 18516 --- [    Test worker] .s.s.UserDetailsServiceAutoConfiguration : 

Using generated security password: 9658ca30-ae03-48d4-a80f-0074f865160c

2020-05-21 21:04:53.103  INFO 18516 --- [    Test worker] o.s.s.web.DefaultSecurityFilterChain     : Creating filter chain: any request, [org.springframework.security.web.context.request.async.WebAsyncManagerIntegrationFilter@3d759821, org.springframework.security.web.context.SecurityContextPersistenceFilter@3f14d9dd, org.springframework.security.web.header.HeaderWriterFilter@1ce17ebd, org.springframework.security.web.csrf.CsrfFilter@1e7f1f95, org.springframework.security.web.authentication.logout.LogoutFilter@3be8b8c6, org.springframework.security.web.authentication.UsernamePasswordAuthenticationFilter@52fe43c, org.springframework.security.web.authentication.ui.DefaultLoginPageGeneratingFilter@2954ab04, org.springframework.security.web.authentication.ui.DefaultLogoutPageGeneratingFilter@860b1a0, org.springframework.security.web.authentication.www.BasicAuthenticationFilter@63e18fab, org.springframework.security.web.savedrequest.RequestCacheAwareFilter@66c3369d, org.springframework.security.web.servletapi.SecurityContextHolderAwareRequestFilter@7140b86e, org.springframework.security.web.authentication.AnonymousAuthenticationFilter@6793ebd0, org.springframework.security.web.session.SessionManagementFilter@7a845903, org.springframework.security.web.access.ExceptionTranslationFilter@3bbc5654, org.springframework.security.web.access.intercept.FilterSecurityInterceptor@73705bfe]
2020-05-21 21:04:53.121  INFO 18516 --- [    Test worker] o.s.b.t.m.w.SpringBootMockServletContext : Initializing Spring TestDispatcherServlet ''
2020-05-21 21:04:53.121  INFO 18516 --- [    Test worker] o.s.t.web.servlet.TestDispatcherServlet  : Initializing Servlet ''
2020-05-21 21:04:53.133  INFO 18516 --- [    Test worker] o.s.t.web.servlet.TestDispatcherServlet  : Completed initialization in 12 ms
2020-05-21 21:04:53.159  INFO 18516 --- [    Test worker] c.y.b.s.web.HelloControllerTest          : Started HelloControllerTest in 1.002 seconds (JVM running for 14.446)
]]></system-out>
  <system-err><![CDATA[]]></system-err>
</testsuite>
