<?xml version="1.0" encoding="UTF-8"?>
<<<<<<< Updated upstream
<testsuite name="com.youngjun.book.springboot.web.HelloControllerTest" tests="2" skipped="0" failures="0" errors="0" timestamp="2020-05-22T08:46:08" hostname="DESKTOP-U1VS4JN" time="0.16">
  <properties/>
  <testcase name="helloDTOTest" classname="com.youngjun.book.springboot.web.HelloControllerTest" time="0.151"/>
  <testcase name="helloTest" classname="com.youngjun.book.springboot.web.HelloControllerTest" time="0.009"/>
  <system-out><![CDATA[2020-05-22 17:46:06.759  INFO 20236 --- [    Test worker] .b.t.a.w.s.WebMvcTestContextBootstrapper : Neither @ContextConfiguration nor @ContextHierarchy found for test class [com.youngjun.book.springboot.web.HelloControllerTest], using SpringBootContextLoader
2020-05-22 17:46:06.760  INFO 20236 --- [    Test worker] o.s.t.c.support.AbstractContextLoader    : Could not detect default resource locations for test class [com.youngjun.book.springboot.web.HelloControllerTest]: no resource found for suffixes {-context.xml, Context.groovy}.
2020-05-22 17:46:06.761  INFO 20236 --- [    Test worker] t.c.s.AnnotationConfigContextLoaderUtils : Could not detect default configuration classes for test class [com.youngjun.book.springboot.web.HelloControllerTest]: HelloControllerTest does not declare any static, non-private, non-final, nested classes annotated with @Configuration.
2020-05-22 17:46:06.804  INFO 20236 --- [    Test worker] .b.t.c.SpringBootTestContextBootstrapper : Found @SpringBootConfiguration com.youngjun.book.springboot.Application for test class com.youngjun.book.springboot.web.HelloControllerTest
2020-05-22 17:46:06.805  INFO 20236 --- [    Test worker] .b.t.a.w.s.WebMvcTestContextBootstrapper : Loaded default TestExecutionListener class names from location [META-INF/spring.factories]: [org.springframework.security.test.context.support.WithSecurityContextTestExecutionListener, org.springframework.security.test.context.support.ReactorContextTestExecutionListener, org.springframework.boot.test.autoconfigure.restdocs.RestDocsTestExecutionListener, org.springframework.boot.test.autoconfigure.web.client.MockRestServiceServerResetTestExecutionListener, org.springframework.boot.test.autoconfigure.web.servlet.MockMvcPrintOnlyOnFailureTestExecutionListener, org.springframework.boot.test.autoconfigure.web.servlet.WebDriverTestExecutionListener, org.springframework.boot.test.mock.mockito.MockitoTestExecutionListener, org.springframework.boot.test.mock.mockito.ResetMocksTestExecutionListener, org.springframework.test.context.web.ServletTestExecutionListener, org.springframework.test.context.support.DirtiesContextBeforeModesTestExecutionListener, org.springframework.test.context.support.DependencyInjectionTestExecutionListener, org.springframework.test.context.support.DirtiesContextTestExecutionListener, org.springframework.test.context.transaction.TransactionalTestExecutionListener, org.springframework.test.context.jdbc.SqlScriptsTestExecutionListener]
2020-05-22 17:46:06.808  INFO 20236 --- [    Test worker] .b.t.a.w.s.WebMvcTestContextBootstrapper : Using TestExecutionListeners: [org.springframework.test.context.web.ServletTestExecutionListener@42a5b494, org.springframework.test.context.support.DirtiesContextBeforeModesTestExecutionListener@66b84a10, org.springframework.boot.test.mock.mockito.MockitoTestExecutionListener@5b31afa5, org.springframework.boot.test.autoconfigure.SpringBootDependencyInjectionTestExecutionListener@148a76e, org.springframework.test.context.support.DirtiesContextTestExecutionListener@6e26b2c7, org.springframework.test.context.transaction.TransactionalTestExecutionListener@4a6a9dd9, org.springframework.test.context.jdbc.SqlScriptsTestExecutionListener@1cf04fb6, org.springframework.security.test.context.support.WithSecurityContextTestExecutionListener@58c7e891, org.springframework.security.test.context.support.ReactorContextTestExecutionListener@32cd9c4, org.springframework.boot.test.autoconfigure.restdocs.RestDocsTestExecutionListener@1d36082d, org.springframework.boot.test.autoconfigure.web.client.MockRestServiceServerResetTestExecutionListener@32569c2, org.springframework.boot.test.autoconfigure.web.servlet.MockMvcPrintOnlyOnFailureTestExecutionListener@64c18a57, org.springframework.boot.test.autoconfigure.web.servlet.WebDriverTestExecutionListener@1469df2, org.springframework.boot.test.mock.mockito.ResetMocksTestExecutionListener@2c1c8a97]
=======
<testsuite name="com.youngjun.book.springboot.web.HelloControllerTest" tests="2" skipped="0" failures="0" errors="0" timestamp="2020-05-25T08:04:07" hostname="DESKTOP-U1VS4JN" time="0.25">
  <properties/>
  <testcase name="helloDTOTest" classname="com.youngjun.book.springboot.web.HelloControllerTest" time="0.231"/>
  <testcase name="helloTest" classname="com.youngjun.book.springboot.web.HelloControllerTest" time="0.018"/>
  <system-out><![CDATA[2020-05-25 17:04:05.652  INFO 15760 --- [    Test worker] .b.t.a.w.s.WebMvcTestContextBootstrapper : Neither @ContextConfiguration nor @ContextHierarchy found for test class [com.youngjun.book.springboot.web.HelloControllerTest], using SpringBootContextLoader
2020-05-25 17:04:05.654  INFO 15760 --- [    Test worker] o.s.t.c.support.AbstractContextLoader    : Could not detect default resource locations for test class [com.youngjun.book.springboot.web.HelloControllerTest]: no resource found for suffixes {-context.xml, Context.groovy}.
2020-05-25 17:04:05.654  INFO 15760 --- [    Test worker] t.c.s.AnnotationConfigContextLoaderUtils : Could not detect default configuration classes for test class [com.youngjun.book.springboot.web.HelloControllerTest]: HelloControllerTest does not declare any static, non-private, non-final, nested classes annotated with @Configuration.
2020-05-25 17:04:05.704  INFO 15760 --- [    Test worker] .b.t.c.SpringBootTestContextBootstrapper : Found @SpringBootConfiguration com.youngjun.book.springboot.Application for test class com.youngjun.book.springboot.web.HelloControllerTest
2020-05-25 17:04:05.706  INFO 15760 --- [    Test worker] .b.t.a.w.s.WebMvcTestContextBootstrapper : Loaded default TestExecutionListener class names from location [META-INF/spring.factories]: [org.springframework.security.test.context.support.WithSecurityContextTestExecutionListener, org.springframework.security.test.context.support.ReactorContextTestExecutionListener, org.springframework.boot.test.autoconfigure.restdocs.RestDocsTestExecutionListener, org.springframework.boot.test.autoconfigure.web.client.MockRestServiceServerResetTestExecutionListener, org.springframework.boot.test.autoconfigure.web.servlet.MockMvcPrintOnlyOnFailureTestExecutionListener, org.springframework.boot.test.autoconfigure.web.servlet.WebDriverTestExecutionListener, org.springframework.boot.test.mock.mockito.MockitoTestExecutionListener, org.springframework.boot.test.mock.mockito.ResetMocksTestExecutionListener, org.springframework.test.context.web.ServletTestExecutionListener, org.springframework.test.context.support.DirtiesContextBeforeModesTestExecutionListener, org.springframework.test.context.support.DependencyInjectionTestExecutionListener, org.springframework.test.context.support.DirtiesContextTestExecutionListener, org.springframework.test.context.transaction.TransactionalTestExecutionListener, org.springframework.test.context.jdbc.SqlScriptsTestExecutionListener]
2020-05-25 17:04:05.710  INFO 15760 --- [    Test worker] .b.t.a.w.s.WebMvcTestContextBootstrapper : Using TestExecutionListeners: [org.springframework.test.context.web.ServletTestExecutionListener@3f457d22, org.springframework.test.context.support.DirtiesContextBeforeModesTestExecutionListener@12c7d9ee, org.springframework.boot.test.mock.mockito.MockitoTestExecutionListener@26f13d70, org.springframework.boot.test.autoconfigure.SpringBootDependencyInjectionTestExecutionListener@3d9e5822, org.springframework.test.context.support.DirtiesContextTestExecutionListener@29a68ede, org.springframework.test.context.transaction.TransactionalTestExecutionListener@5022aad, org.springframework.test.context.jdbc.SqlScriptsTestExecutionListener@2ab79dc0, org.springframework.security.test.context.support.WithSecurityContextTestExecutionListener@65a78ffc, org.springframework.security.test.context.support.ReactorContextTestExecutionListener@786a2de8, org.springframework.boot.test.autoconfigure.restdocs.RestDocsTestExecutionListener@6ca9370a, org.springframework.boot.test.autoconfigure.web.client.MockRestServiceServerResetTestExecutionListener@7a66eec2, org.springframework.boot.test.autoconfigure.web.servlet.MockMvcPrintOnlyOnFailureTestExecutionListener@23e7561d, org.springframework.boot.test.autoconfigure.web.servlet.WebDriverTestExecutionListener@acb3ae4, org.springframework.boot.test.mock.mockito.ResetMocksTestExecutionListener@2f7f4dd0]
>>>>>>> Stashed changes

  .   ____          _            __ _ _
 /\\ / ___'_ __ _ _(_)_ __  __ _ \ \ \ \
( ( )\___ | '_ | '_| | '_ \/ _` | \ \ \ \
 \\/  ___)| |_)| | | | | || (_| |  ) ) ) )
  '  |____| .__|_| |_|_| |_\__, | / / / /
 =========|_|==============|___/=/_/_/_/
 :: Spring Boot ::        (v2.1.9.RELEASE)

<<<<<<< Updated upstream
2020-05-22 17:46:06.889  INFO 20236 --- [    Test worker] c.y.b.s.web.HelloControllerTest          : Starting HelloControllerTest on DESKTOP-U1VS4JN with PID 20236 (started by sohny in D:\programming\workspace\IntelliJ\springboot-webservice)
2020-05-22 17:46:06.890  INFO 20236 --- [    Test worker] c.y.b.s.web.HelloControllerTest          : No active profile set, falling back to default profiles: default
2020-05-22 17:46:07.438  INFO 20236 --- [    Test worker] o.s.s.concurrent.ThreadPoolTaskExecutor  : Initializing ExecutorService 'applicationTaskExecutor'
2020-05-22 17:46:07.495  INFO 20236 --- [    Test worker] o.s.b.a.w.s.WelcomePageHandlerMapping    : Adding welcome page template: index
2020-05-22 17:46:07.831  INFO 20236 --- [    Test worker] .s.s.UserDetailsServiceAutoConfiguration : 

Using generated security password: 32eb7673-0320-4f6e-9392-fdac68f61c7a

2020-05-22 17:46:08.094  INFO 20236 --- [    Test worker] o.s.s.web.DefaultSecurityFilterChain     : Creating filter chain: any request, [org.springframework.security.web.context.request.async.WebAsyncManagerIntegrationFilter@46a6f7b, org.springframework.security.web.context.SecurityContextPersistenceFilter@32379751, org.springframework.security.web.header.HeaderWriterFilter@3efe4dec, org.springframework.security.web.csrf.CsrfFilter@1c815b6b, org.springframework.security.web.authentication.logout.LogoutFilter@155992b0, org.springframework.security.web.authentication.UsernamePasswordAuthenticationFilter@4e880603, org.springframework.security.web.authentication.ui.DefaultLoginPageGeneratingFilter@3a0e155a, org.springframework.security.web.authentication.ui.DefaultLogoutPageGeneratingFilter@15f504e8, org.springframework.security.web.authentication.www.BasicAuthenticationFilter@32530cfa, org.springframework.security.web.savedrequest.RequestCacheAwareFilter@4e43d380, org.springframework.security.web.servletapi.SecurityContextHolderAwareRequestFilter@29e7689, org.springframework.security.web.authentication.AnonymousAuthenticationFilter@3febfe70, org.springframework.security.web.session.SessionManagementFilter@28b2035b, org.springframework.security.web.access.ExceptionTranslationFilter@2d9a225d, org.springframework.security.web.access.intercept.FilterSecurityInterceptor@2e53e98c]
2020-05-22 17:46:08.119  INFO 20236 --- [    Test worker] o.s.b.t.m.w.SpringBootMockServletContext : Initializing Spring TestDispatcherServlet ''
2020-05-22 17:46:08.119  INFO 20236 --- [    Test worker] o.s.t.web.servlet.TestDispatcherServlet  : Initializing Servlet ''
2020-05-22 17:46:08.134  INFO 20236 --- [    Test worker] o.s.t.web.servlet.TestDispatcherServlet  : Completed initialization in 15 ms
2020-05-22 17:46:08.166  INFO 20236 --- [    Test worker] c.y.b.s.web.HelloControllerTest          : Started HelloControllerTest in 1.347 seconds (JVM running for 16.865)
=======
2020-05-25 17:04:05.830  INFO 15760 --- [    Test worker] c.y.b.s.web.HelloControllerTest          : Starting HelloControllerTest on DESKTOP-U1VS4JN with PID 15760 (started by sohny in D:\programming\workspace\IntelliJ\springboot-webservice)
2020-05-25 17:04:05.834  INFO 15760 --- [    Test worker] c.y.b.s.web.HelloControllerTest          : No active profile set, falling back to default profiles: default
2020-05-25 17:04:06.453  INFO 15760 --- [    Test worker] o.s.s.concurrent.ThreadPoolTaskExecutor  : Initializing ExecutorService 'applicationTaskExecutor'
2020-05-25 17:04:06.518  INFO 15760 --- [    Test worker] o.s.b.a.w.s.WelcomePageHandlerMapping    : Adding welcome page template: index
2020-05-25 17:04:06.811  INFO 15760 --- [    Test worker] .s.s.UserDetailsServiceAutoConfiguration : 

Using generated security password: f305a559-7597-4d33-b6f3-d1f25e0a29e7

2020-05-25 17:04:07.004  INFO 15760 --- [    Test worker] o.s.s.web.DefaultSecurityFilterChain     : Creating filter chain: any request, [org.springframework.security.web.context.request.async.WebAsyncManagerIntegrationFilter@510e3f50, org.springframework.security.web.context.SecurityContextPersistenceFilter@29c5dd3e, org.springframework.security.web.header.HeaderWriterFilter@1eee4f18, org.springframework.security.web.csrf.CsrfFilter@772f8849, org.springframework.security.web.authentication.logout.LogoutFilter@43b63799, org.springframework.security.web.authentication.UsernamePasswordAuthenticationFilter@ceb4192, org.springframework.security.web.authentication.ui.DefaultLoginPageGeneratingFilter@78518b49, org.springframework.security.web.authentication.ui.DefaultLogoutPageGeneratingFilter@50d52eaf, org.springframework.security.web.authentication.www.BasicAuthenticationFilter@662719ce, org.springframework.security.web.savedrequest.RequestCacheAwareFilter@467b9c8c, org.springframework.security.web.servletapi.SecurityContextHolderAwareRequestFilter@2a818dd4, org.springframework.security.web.authentication.AnonymousAuthenticationFilter@ee2a412, org.springframework.security.web.session.SessionManagementFilter@1588e14c, org.springframework.security.web.access.ExceptionTranslationFilter@24b96d1f, org.springframework.security.web.access.intercept.FilterSecurityInterceptor@74e1e2a4]
2020-05-25 17:04:07.087  INFO 15760 --- [    Test worker] o.s.b.t.m.w.SpringBootMockServletContext : Initializing Spring TestDispatcherServlet ''
2020-05-25 17:04:07.088  INFO 15760 --- [    Test worker] o.s.t.web.servlet.TestDispatcherServlet  : Initializing Servlet ''
2020-05-25 17:04:07.119  INFO 15760 --- [    Test worker] o.s.t.web.servlet.TestDispatcherServlet  : Completed initialization in 31 ms
2020-05-25 17:04:07.208  INFO 15760 --- [    Test worker] c.y.b.s.web.HelloControllerTest          : Started HelloControllerTest in 1.482 seconds (JVM running for 14.819)
>>>>>>> Stashed changes
]]></system-out>
  <system-err><![CDATA[]]></system-err>
</testsuite>
