<?xml version="1.0" encoding="UTF-8"?>
<<<<<<< Updated upstream
<testsuite name="com.youngjun.book.springboot.web.domain.posts.PostsRepositoryTest" tests="2" skipped="0" failures="0" errors="0" timestamp="2020-05-22T08:46:06" hostname="DESKTOP-U1VS4JN" time="0.228">
  <properties/>
  <testcase name="baseTimeEntityTest" classname="com.youngjun.book.springboot.web.domain.posts.PostsRepositoryTest" time="0.203"/>
  <testcase name="postingLoadTest" classname="com.youngjun.book.springboot.web.domain.posts.PostsRepositoryTest" time="0.024"/>
  <system-out><![CDATA[2020-05-22 17:46:03.764  INFO 20236 --- [    Test worker] .b.t.c.SpringBootTestContextBootstrapper : Neither @ContextConfiguration nor @ContextHierarchy found for test class [com.youngjun.book.springboot.web.domain.posts.PostsRepositoryTest], using SpringBootContextLoader
2020-05-22 17:46:03.766  INFO 20236 --- [    Test worker] o.s.t.c.support.AbstractContextLoader    : Could not detect default resource locations for test class [com.youngjun.book.springboot.web.domain.posts.PostsRepositoryTest]: no resource found for suffixes {-context.xml, Context.groovy}.
2020-05-22 17:46:03.766  INFO 20236 --- [    Test worker] t.c.s.AnnotationConfigContextLoaderUtils : Could not detect default configuration classes for test class [com.youngjun.book.springboot.web.domain.posts.PostsRepositoryTest]: PostsRepositoryTest does not declare any static, non-private, non-final, nested classes annotated with @Configuration.
2020-05-22 17:46:03.788  INFO 20236 --- [    Test worker] .b.t.c.SpringBootTestContextBootstrapper : Found @SpringBootConfiguration com.youngjun.book.springboot.Application for test class com.youngjun.book.springboot.web.domain.posts.PostsRepositoryTest
2020-05-22 17:46:03.790  INFO 20236 --- [    Test worker] .b.t.c.SpringBootTestContextBootstrapper : Loaded default TestExecutionListener class names from location [META-INF/spring.factories]: [org.springframework.security.test.context.support.WithSecurityContextTestExecutionListener, org.springframework.security.test.context.support.ReactorContextTestExecutionListener, org.springframework.boot.test.autoconfigure.restdocs.RestDocsTestExecutionListener, org.springframework.boot.test.autoconfigure.web.client.MockRestServiceServerResetTestExecutionListener, org.springframework.boot.test.autoconfigure.web.servlet.MockMvcPrintOnlyOnFailureTestExecutionListener, org.springframework.boot.test.autoconfigure.web.servlet.WebDriverTestExecutionListener, org.springframework.boot.test.mock.mockito.MockitoTestExecutionListener, org.springframework.boot.test.mock.mockito.ResetMocksTestExecutionListener, org.springframework.test.context.web.ServletTestExecutionListener, org.springframework.test.context.support.DirtiesContextBeforeModesTestExecutionListener, org.springframework.test.context.support.DependencyInjectionTestExecutionListener, org.springframework.test.context.support.DirtiesContextTestExecutionListener, org.springframework.test.context.transaction.TransactionalTestExecutionListener, org.springframework.test.context.jdbc.SqlScriptsTestExecutionListener]
2020-05-22 17:46:03.792  INFO 20236 --- [    Test worker] .b.t.c.SpringBootTestContextBootstrapper : Using TestExecutionListeners: [org.springframework.test.context.web.ServletTestExecutionListener@137a5cb6, org.springframework.test.context.support.DirtiesContextBeforeModesTestExecutionListener@d1d4c8e, org.springframework.boot.test.mock.mockito.MockitoTestExecutionListener@4ccba479, org.springframework.boot.test.autoconfigure.SpringBootDependencyInjectionTestExecutionListener@489ff2da, org.springframework.test.context.support.DirtiesContextTestExecutionListener@9c19893, org.springframework.test.context.transaction.TransactionalTestExecutionListener@6edfdc19, org.springframework.test.context.jdbc.SqlScriptsTestExecutionListener@7f2655d7, org.springframework.security.test.context.support.WithSecurityContextTestExecutionListener@481871cb, org.springframework.security.test.context.support.ReactorContextTestExecutionListener@4d187d5b, org.springframework.boot.test.autoconfigure.restdocs.RestDocsTestExecutionListener@5db75ff5, org.springframework.boot.test.autoconfigure.web.client.MockRestServiceServerResetTestExecutionListener@10722179, org.springframework.boot.test.autoconfigure.web.servlet.MockMvcPrintOnlyOnFailureTestExecutionListener@1b6f8c95, org.springframework.boot.test.autoconfigure.web.servlet.WebDriverTestExecutionListener@1513d806, org.springframework.boot.test.mock.mockito.ResetMocksTestExecutionListener@723c75a6]
=======
<testsuite name="com.youngjun.book.springboot.web.domain.posts.PostsRepositoryTest" tests="2" skipped="0" failures="0" errors="0" timestamp="2020-05-25T08:04:05" hostname="DESKTOP-U1VS4JN" time="0.412">
  <properties/>
  <testcase name="baseTimeEntityTest" classname="com.youngjun.book.springboot.web.domain.posts.PostsRepositoryTest" time="0.387"/>
  <testcase name="postingLoadTest" classname="com.youngjun.book.springboot.web.domain.posts.PostsRepositoryTest" time="0.024"/>
  <system-out><![CDATA[17:03:54.313 [Test worker] DEBUG org.springframework.test.context.junit4.SpringJUnit4ClassRunner - SpringJUnit4ClassRunner constructor called with [class com.youngjun.book.springboot.web.domain.posts.PostsRepositoryTest]
17:03:54.325 [Test worker] DEBUG org.springframework.test.context.BootstrapUtils - Instantiating CacheAwareContextLoaderDelegate from class [org.springframework.test.context.cache.DefaultCacheAwareContextLoaderDelegate]
17:03:54.339 [Test worker] DEBUG org.springframework.test.context.BootstrapUtils - Instantiating BootstrapContext using constructor [public org.springframework.test.context.support.DefaultBootstrapContext(java.lang.Class,org.springframework.test.context.CacheAwareContextLoaderDelegate)]
17:03:54.369 [Test worker] DEBUG org.springframework.test.context.BootstrapUtils - Instantiating TestContextBootstrapper for test class [com.youngjun.book.springboot.web.domain.posts.PostsRepositoryTest] from class [org.springframework.boot.test.context.SpringBootTestContextBootstrapper]
17:03:54.392 [Test worker] INFO org.springframework.boot.test.context.SpringBootTestContextBootstrapper - Neither @ContextConfiguration nor @ContextHierarchy found for test class [com.youngjun.book.springboot.web.domain.posts.PostsRepositoryTest], using SpringBootContextLoader
17:03:54.396 [Test worker] DEBUG org.springframework.test.context.support.AbstractContextLoader - Did not detect default resource location for test class [com.youngjun.book.springboot.web.domain.posts.PostsRepositoryTest]: class path resource [com/youngjun/book/springboot/web/domain/posts/PostsRepositoryTest-context.xml] does not exist
17:03:54.397 [Test worker] DEBUG org.springframework.test.context.support.AbstractContextLoader - Did not detect default resource location for test class [com.youngjun.book.springboot.web.domain.posts.PostsRepositoryTest]: class path resource [com/youngjun/book/springboot/web/domain/posts/PostsRepositoryTestContext.groovy] does not exist
17:03:54.398 [Test worker] INFO org.springframework.test.context.support.AbstractContextLoader - Could not detect default resource locations for test class [com.youngjun.book.springboot.web.domain.posts.PostsRepositoryTest]: no resource found for suffixes {-context.xml, Context.groovy}.
17:03:54.399 [Test worker] INFO org.springframework.test.context.support.AnnotationConfigContextLoaderUtils - Could not detect default configuration classes for test class [com.youngjun.book.springboot.web.domain.posts.PostsRepositoryTest]: PostsRepositoryTest does not declare any static, non-private, non-final, nested classes annotated with @Configuration.
17:03:54.465 [Test worker] DEBUG org.springframework.test.context.support.ActiveProfilesUtils - Could not find an 'annotation declaring class' for annotation type [org.springframework.test.context.ActiveProfiles] and class [com.youngjun.book.springboot.web.domain.posts.PostsRepositoryTest]
17:03:54.828 [Test worker] DEBUG org.springframework.context.annotation.ClassPathScanningCandidateComponentProvider - Identified candidate component class: file [D:\programming\workspace\IntelliJ\springboot-webservice\build\classes\java\main\com\youngjun\book\springboot\Application.class]
17:03:54.830 [Test worker] INFO org.springframework.boot.test.context.SpringBootTestContextBootstrapper - Found @SpringBootConfiguration com.youngjun.book.springboot.Application for test class com.youngjun.book.springboot.web.domain.posts.PostsRepositoryTest
17:03:55.034 [Test worker] DEBUG org.springframework.boot.test.context.SpringBootTestContextBootstrapper - @TestExecutionListeners is not present for class [com.youngjun.book.springboot.web.domain.posts.PostsRepositoryTest]: using defaults.
17:03:55.035 [Test worker] INFO org.springframework.boot.test.context.SpringBootTestContextBootstrapper - Loaded default TestExecutionListener class names from location [META-INF/spring.factories]: [org.springframework.security.test.context.support.WithSecurityContextTestExecutionListener, org.springframework.security.test.context.support.ReactorContextTestExecutionListener, org.springframework.boot.test.autoconfigure.restdocs.RestDocsTestExecutionListener, org.springframework.boot.test.autoconfigure.web.client.MockRestServiceServerResetTestExecutionListener, org.springframework.boot.test.autoconfigure.web.servlet.MockMvcPrintOnlyOnFailureTestExecutionListener, org.springframework.boot.test.autoconfigure.web.servlet.WebDriverTestExecutionListener, org.springframework.boot.test.mock.mockito.MockitoTestExecutionListener, org.springframework.boot.test.mock.mockito.ResetMocksTestExecutionListener, org.springframework.test.context.web.ServletTestExecutionListener, org.springframework.test.context.support.DirtiesContextBeforeModesTestExecutionListener, org.springframework.test.context.support.DependencyInjectionTestExecutionListener, org.springframework.test.context.support.DirtiesContextTestExecutionListener, org.springframework.test.context.transaction.TransactionalTestExecutionListener, org.springframework.test.context.jdbc.SqlScriptsTestExecutionListener]
17:03:55.079 [Test worker] INFO org.springframework.boot.test.context.SpringBootTestContextBootstrapper - Using TestExecutionListeners: [org.springframework.test.context.web.ServletTestExecutionListener@5027a184, org.springframework.test.context.support.DirtiesContextBeforeModesTestExecutionListener@74978267, org.springframework.boot.test.mock.mockito.MockitoTestExecutionListener@31ac1b2, org.springframework.boot.test.autoconfigure.SpringBootDependencyInjectionTestExecutionListener@1fda5e12, org.springframework.test.context.support.DirtiesContextTestExecutionListener@721ce7ec, org.springframework.test.context.transaction.TransactionalTestExecutionListener@3a50d772, org.springframework.test.context.jdbc.SqlScriptsTestExecutionListener@6f1286db, org.springframework.security.test.context.support.WithSecurityContextTestExecutionListener@22757fe5, org.springframework.security.test.context.support.ReactorContextTestExecutionListener@37c3cfc0, org.springframework.boot.test.autoconfigure.restdocs.RestDocsTestExecutionListener@b14650d, org.springframework.boot.test.autoconfigure.web.client.MockRestServiceServerResetTestExecutionListener@704b1eea, org.springframework.boot.test.autoconfigure.web.servlet.MockMvcPrintOnlyOnFailureTestExecutionListener@79c8cd51, org.springframework.boot.test.autoconfigure.web.servlet.WebDriverTestExecutionListener@505cb067, org.springframework.boot.test.mock.mockito.ResetMocksTestExecutionListener@78c88b6c]
17:03:55.085 [Test worker] DEBUG org.springframework.test.annotation.ProfileValueUtils - Retrieved @ProfileValueSourceConfiguration [null] for test class [com.youngjun.book.springboot.web.domain.posts.PostsRepositoryTest]
17:03:55.086 [Test worker] DEBUG org.springframework.test.annotation.ProfileValueUtils - Retrieved ProfileValueSource type [class org.springframework.test.annotation.SystemProfileValueSource] for class [com.youngjun.book.springboot.web.domain.posts.PostsRepositoryTest]
17:03:55.088 [Test worker] DEBUG org.springframework.test.annotation.ProfileValueUtils - Retrieved @ProfileValueSourceConfiguration [null] for test class [com.youngjun.book.springboot.web.domain.posts.PostsRepositoryTest]
17:03:55.088 [Test worker] DEBUG org.springframework.test.annotation.ProfileValueUtils - Retrieved ProfileValueSource type [class org.springframework.test.annotation.SystemProfileValueSource] for class [com.youngjun.book.springboot.web.domain.posts.PostsRepositoryTest]
17:03:55.098 [Test worker] DEBUG org.springframework.test.context.support.AbstractDirtiesContextTestExecutionListener - Before test class: context [DefaultTestContext@5f719788 testClass = PostsRepositoryTest, testInstance = [null], testMethod = [null], testException = [null], mergedContextConfiguration = [WebMergedContextConfiguration@e8b2a99 testClass = PostsRepositoryTest, locations = '{}', classes = '{class com.youngjun.book.springboot.Application}', contextInitializerClasses = '[]', activeProfiles = '{}', propertySourceLocations = '{}', propertySourceProperties = '{org.springframework.boot.test.context.SpringBootTestContextBootstrapper=true}', contextCustomizers = set[org.springframework.boot.test.autoconfigure.properties.PropertyMappingContextCustomizer@0, org.springframework.boot.test.autoconfigure.web.servlet.WebDriverContextCustomizerFactory$Customizer@d34e02b, org.springframework.boot.test.context.filter.ExcludeFilterContextCustomizer@57043ab4, org.springframework.boot.test.json.DuplicateJsonObjectContextCustomizerFactory$DuplicateJsonObjectContextCustomizer@1d475642, org.springframework.boot.test.mock.mockito.MockitoContextCustomizer@0, org.springframework.boot.test.web.client.TestRestTemplateContextCustomizer@40800ecf], resourceBasePath = 'src/main/webapp', contextLoader = 'org.springframework.boot.test.context.SpringBootContextLoader', parent = [null]], attributes = map['org.springframework.test.context.web.ServletTestExecutionListener.activateListener' -> true]], class annotated with @DirtiesContext [false] with mode [null].
17:03:55.100 [Test worker] DEBUG org.springframework.test.annotation.ProfileValueUtils - Retrieved @ProfileValueSourceConfiguration [null] for test class [com.youngjun.book.springboot.web.domain.posts.PostsRepositoryTest]
17:03:55.100 [Test worker] DEBUG org.springframework.test.annotation.ProfileValueUtils - Retrieved ProfileValueSource type [class org.springframework.test.annotation.SystemProfileValueSource] for class [com.youngjun.book.springboot.web.domain.posts.PostsRepositoryTest]
17:03:55.147 [Test worker] DEBUG org.springframework.test.context.support.TestPropertySourceUtils - Adding inlined properties to environment: {spring.jmx.enabled=false, org.springframework.boot.test.context.SpringBootTestContextBootstrapper=true, server.port=-1}
>>>>>>> Stashed changes

  .   ____          _            __ _ _
 /\\ / ___'_ __ _ _(_)_ __  __ _ \ \ \ \
( ( )\___ | '_ | '_| | '_ \/ _` | \ \ \ \
 \\/  ___)| |_)| | | | | || (_| |  ) ) ) )
  '  |____| .__|_| |_|_| |_\__, | / / / /
 =========|_|==============|___/=/_/_/_/
 :: Spring Boot ::        (v2.1.9.RELEASE)

<<<<<<< Updated upstream
2020-05-22 17:46:03.841  INFO 20236 --- [    Test worker] c.y.b.s.w.d.posts.PostsRepositoryTest    : Starting PostsRepositoryTest on DESKTOP-U1VS4JN with PID 20236 (started by sohny in D:\programming\workspace\IntelliJ\springboot-webservice)
2020-05-22 17:46:03.842  INFO 20236 --- [    Test worker] c.y.b.s.w.d.posts.PostsRepositoryTest    : No active profile set, falling back to default profiles: default
2020-05-22 17:46:04.239  INFO 20236 --- [    Test worker] .s.d.r.c.RepositoryConfigurationDelegate : Bootstrapping Spring Data repositories in DEFAULT mode.
2020-05-22 17:46:04.277  INFO 20236 --- [    Test worker] .s.d.r.c.RepositoryConfigurationDelegate : Finished Spring Data repository scanning in 38ms. Found 2 repository interfaces.
2020-05-22 17:46:04.454  INFO 20236 --- [    Test worker] trationDelegate$BeanPostProcessorChecker : Bean 'org.springframework.transaction.annotation.ProxyTransactionManagementConfiguration' of type [org.springframework.transaction.annotation.ProxyTransactionManagementConfiguration$$EnhancerBySpringCGLIB$$85ef8ed7] is not eligible for getting processed by all BeanPostProcessors (for example: not eligible for auto-proxying)
2020-05-22 17:46:04.593  INFO 20236 --- [    Test worker] com.zaxxer.hikari.HikariDataSource       : HikariPool-2 - Starting...
2020-05-22 17:46:04.595  INFO 20236 --- [    Test worker] com.zaxxer.hikari.HikariDataSource       : HikariPool-2 - Start completed.
2020-05-22 17:46:04.634  INFO 20236 --- [    Test worker] o.hibernate.jpa.internal.util.LogHelper  : HHH000204: Processing PersistenceUnitInfo [
	name: default
	...]
2020-05-22 17:46:04.645  INFO 20236 --- [    Test worker] org.hibernate.dialect.Dialect            : HHH000400: Using dialect: org.hibernate.dialect.MySQL5InnoDBDialect
=======
2020-05-25 17:03:55.521  INFO 15760 --- [    Test worker] c.y.b.s.w.d.posts.PostsRepositoryTest    : Starting PostsRepositoryTest on DESKTOP-U1VS4JN with PID 15760 (started by sohny in D:\programming\workspace\IntelliJ\springboot-webservice)
2020-05-25 17:03:55.524  INFO 15760 --- [    Test worker] c.y.b.s.w.d.posts.PostsRepositoryTest    : No active profile set, falling back to default profiles: default
2020-05-25 17:03:57.133  INFO 15760 --- [    Test worker] .s.d.r.c.RepositoryConfigurationDelegate : Bootstrapping Spring Data repositories in DEFAULT mode.
2020-05-25 17:03:57.255  INFO 15760 --- [    Test worker] .s.d.r.c.RepositoryConfigurationDelegate : Finished Spring Data repository scanning in 107ms. Found 2 repository interfaces.
2020-05-25 17:03:58.217  INFO 15760 --- [    Test worker] trationDelegate$BeanPostProcessorChecker : Bean 'org.springframework.transaction.annotation.ProxyTransactionManagementConfiguration' of type [org.springframework.transaction.annotation.ProxyTransactionManagementConfiguration$$EnhancerBySpringCGLIB$$d9c6ca3e] is not eligible for getting processed by all BeanPostProcessors (for example: not eligible for auto-proxying)
2020-05-25 17:03:58.569  INFO 15760 --- [    Test worker] com.zaxxer.hikari.HikariDataSource       : HikariPool-1 - Starting...
2020-05-25 17:03:58.834  INFO 15760 --- [    Test worker] com.zaxxer.hikari.HikariDataSource       : HikariPool-1 - Start completed.
2020-05-25 17:03:58.990  INFO 15760 --- [    Test worker] o.hibernate.jpa.internal.util.LogHelper  : HHH000204: Processing PersistenceUnitInfo [
	name: default
	...]
2020-05-25 17:03:59.164  INFO 15760 --- [    Test worker] org.hibernate.Version                    : HHH000412: Hibernate Core {5.3.12.Final}
2020-05-25 17:03:59.167  INFO 15760 --- [    Test worker] org.hibernate.cfg.Environment            : HHH000206: hibernate.properties not found
2020-05-25 17:03:59.480  INFO 15760 --- [    Test worker] o.hibernate.annotations.common.Version   : HCANN000001: Hibernate Commons Annotations {5.0.4.Final}
2020-05-25 17:03:59.785  INFO 15760 --- [    Test worker] org.hibernate.dialect.Dialect            : HHH000400: Using dialect: org.hibernate.dialect.MySQL5InnoDBDialect
>>>>>>> Stashed changes
Hibernate: drop table if exists posts
Hibernate: drop table if exists user
Hibernate: create table posts (id bigint not null auto_increment, created_time datetime, modified_date datetime, author varchar(255), content TEXT not null, title varchar(500) not null, primary key (id)) engine=InnoDB
Hibernate: create table user (id bigint not null auto_increment, created_time datetime, modified_date datetime, email varchar(255) not null, name varchar(255) not null, picture varchar(255), role varchar(255) not null, primary key (id)) engine=InnoDB
<<<<<<< Updated upstream
2020-05-22 17:46:04.714  INFO 20236 --- [    Test worker] o.h.t.schema.internal.SchemaCreatorImpl  : HHH000476: Executing import script 'org.hibernate.tool.schema.internal.exec.ScriptSourceInputNonExistentImpl@27cd7516'
2020-05-22 17:46:04.714  INFO 20236 --- [    Test worker] j.LocalContainerEntityManagerFactoryBean : Initialized JPA EntityManagerFactory for persistence unit 'default'
2020-05-22 17:46:05.020  INFO 20236 --- [    Test worker] o.h.h.i.QueryTranslatorFactoryInitiator  : HHH000397: Using ASTQueryTranslatorFactory
2020-05-22 17:46:05.259  INFO 20236 --- [    Test worker] o.s.s.web.DefaultSecurityFilterChain     : Creating filter chain: any request, [org.springframework.security.web.context.request.async.WebAsyncManagerIntegrationFilter@96224a9, org.springframework.security.web.context.SecurityContextPersistenceFilter@ba2c936, org.springframework.security.web.header.HeaderWriterFilter@4f1b1cb1, org.springframework.security.web.authentication.logout.LogoutFilter@c5e26d6, org.springframework.security.oauth2.client.web.OAuth2AuthorizationRequestRedirectFilter@15ffb4ee, org.springframework.security.oauth2.client.web.OAuth2LoginAuthenticationFilter@7875af85, org.springframework.security.web.authentication.ui.DefaultLoginPageGeneratingFilter@1128a6bc, org.springframework.security.web.authentication.ui.DefaultLogoutPageGeneratingFilter@58e8e7a7, org.springframework.security.web.savedrequest.RequestCacheAwareFilter@26616558, org.springframework.security.web.servletapi.SecurityContextHolderAwareRequestFilter@31080bb1, org.springframework.security.web.authentication.AnonymousAuthenticationFilter@30586090, org.springframework.security.web.session.SessionManagementFilter@401c0397, org.springframework.security.web.access.ExceptionTranslationFilter@29b09bc9, org.springframework.security.web.access.intercept.FilterSecurityInterceptor@4352512b]
2020-05-22 17:46:05.699  INFO 20236 --- [    Test worker] o.s.s.concurrent.ThreadPoolTaskExecutor  : Initializing ExecutorService 'applicationTaskExecutor'
2020-05-22 17:46:05.728  WARN 20236 --- [    Test worker] aWebConfiguration$JpaWebMvcConfiguration : spring.jpa.open-in-view is enabled by default. Therefore, database queries may be performed during view rendering. Explicitly configure spring.jpa.open-in-view to disable this warning
2020-05-22 17:46:05.853  INFO 20236 --- [    Test worker] o.s.b.a.w.s.WelcomePageHandlerMapping    : Adding welcome page template: index
2020-05-22 17:46:06.494  INFO 20236 --- [    Test worker] s.a.ScheduledAnnotationBeanPostProcessor : No TaskScheduler/ScheduledExecutorService bean found for scheduled processing
2020-05-22 17:46:06.496  INFO 20236 --- [    Test worker] c.y.b.s.w.d.posts.PostsRepositoryTest    : Started PostsRepositoryTest in 2.691 seconds (JVM running for 15.195)
Hibernate: insert into posts (created_time, modified_date, author, content, title) values (?, ?, ?, ?, ?)
Hibernate: select posts0_.id as id1_0_, posts0_.created_time as created_2_0_, posts0_.modified_date as modified3_0_, posts0_.author as author4_0_, posts0_.content as content5_0_, posts0_.title as title6_0_ from posts posts0_
만들었느뇨? -2020-05-22T17:46:06.574, 수정했느뇨?2020-05-22T17:46:06.574
=======
2020-05-25 17:04:01.096  INFO 15760 --- [    Test worker] o.h.t.schema.internal.SchemaCreatorImpl  : HHH000476: Executing import script 'org.hibernate.tool.schema.internal.exec.ScriptSourceInputNonExistentImpl@1a5f750e'
2020-05-25 17:04:01.105  INFO 15760 --- [    Test worker] j.LocalContainerEntityManagerFactoryBean : Initialized JPA EntityManagerFactory for persistence unit 'default'
2020-05-25 17:04:02.184  INFO 15760 --- [    Test worker] o.h.h.i.QueryTranslatorFactoryInitiator  : HHH000397: Using ASTQueryTranslatorFactory
2020-05-25 17:04:03.344  INFO 15760 --- [    Test worker] o.s.s.web.DefaultSecurityFilterChain     : Creating filter chain: any request, [org.springframework.security.web.context.request.async.WebAsyncManagerIntegrationFilter@69b8e3dd, org.springframework.security.web.context.SecurityContextPersistenceFilter@65394782, org.springframework.security.web.header.HeaderWriterFilter@380e7961, org.springframework.security.web.authentication.logout.LogoutFilter@20b3529b, org.springframework.security.oauth2.client.web.OAuth2AuthorizationRequestRedirectFilter@297aab60, org.springframework.security.oauth2.client.web.OAuth2LoginAuthenticationFilter@30080ba4, org.springframework.security.web.authentication.ui.DefaultLoginPageGeneratingFilter@27aac062, org.springframework.security.web.authentication.ui.DefaultLogoutPageGeneratingFilter@7bb6fca8, org.springframework.security.web.savedrequest.RequestCacheAwareFilter@462aa11b, org.springframework.security.web.servletapi.SecurityContextHolderAwareRequestFilter@72e4ab86, org.springframework.security.web.authentication.AnonymousAuthenticationFilter@1d5febdc, org.springframework.security.web.session.SessionManagementFilter@f2c0f, org.springframework.security.web.access.ExceptionTranslationFilter@3f0e0e12, org.springframework.security.web.access.intercept.FilterSecurityInterceptor@5d08a23a]
2020-05-25 17:04:04.138  INFO 15760 --- [    Test worker] o.s.s.concurrent.ThreadPoolTaskExecutor  : Initializing ExecutorService 'applicationTaskExecutor'
2020-05-25 17:04:04.228  WARN 15760 --- [    Test worker] aWebConfiguration$JpaWebMvcConfiguration : spring.jpa.open-in-view is enabled by default. Therefore, database queries may be performed during view rendering. Explicitly configure spring.jpa.open-in-view to disable this warning
2020-05-25 17:04:04.322  INFO 15760 --- [    Test worker] o.s.b.a.w.s.WelcomePageHandlerMapping    : Adding welcome page template: index
2020-05-25 17:04:05.159  INFO 15760 --- [    Test worker] s.a.ScheduledAnnotationBeanPostProcessor : No TaskScheduler/ScheduledExecutorService bean found for scheduled processing
2020-05-25 17:04:05.173  INFO 15760 --- [    Test worker] c.y.b.s.w.d.posts.PostsRepositoryTest    : Started PostsRepositoryTest in 10.01 seconds (JVM running for 12.784)
Hibernate: insert into posts (created_time, modified_date, author, content, title) values (?, ?, ?, ?, ?)
Hibernate: select posts0_.id as id1_0_, posts0_.created_time as created_2_0_, posts0_.modified_date as modified3_0_, posts0_.author as author4_0_, posts0_.content as content5_0_, posts0_.title as title6_0_ from posts posts0_
만들었느뇨? -2020-05-25T17:04:05.370, 수정했느뇨?2020-05-25T17:04:05.370
>>>>>>> Stashed changes
Hibernate: select posts0_.id as id1_0_, posts0_.created_time as created_2_0_, posts0_.modified_date as modified3_0_, posts0_.author as author4_0_, posts0_.content as content5_0_, posts0_.title as title6_0_ from posts posts0_
Hibernate: delete from posts where id=?
Hibernate: insert into posts (created_time, modified_date, author, content, title) values (?, ?, ?, ?, ?)
Hibernate: select posts0_.id as id1_0_, posts0_.created_time as created_2_0_, posts0_.modified_date as modified3_0_, posts0_.author as author4_0_, posts0_.content as content5_0_, posts0_.title as title6_0_ from posts posts0_
Hibernate: select posts0_.id as id1_0_, posts0_.created_time as created_2_0_, posts0_.modified_date as modified3_0_, posts0_.author as author4_0_, posts0_.content as content5_0_, posts0_.title as title6_0_ from posts posts0_
Hibernate: delete from posts where id=?
]]></system-out>
  <system-err><![CDATA[]]></system-err>
</testsuite>
