<?xml version="1.0" encoding="UTF-8"?>
<testsuite name="com.youngjun.book.springboot.web.HelloControllerTest" tests="2" skipped="0" failures="0" errors="0" timestamp="2020-05-22T11:08:29" hostname="DESKTOP-U1VS4JN" time="0.18">
  <properties/>
  <testcase name="helloDTOTest" classname="com.youngjun.book.springboot.web.HelloControllerTest" time="0.172"/>
  <testcase name="helloTest" classname="com.youngjun.book.springboot.web.HelloControllerTest" time="0.007"/>
  <system-out><![CDATA[2020-05-22 20:08:28.110  INFO 21056 --- [    Test worker] .b.t.a.w.s.WebMvcTestContextBootstrapper : Neither @ContextConfiguration nor @ContextHierarchy found for test class [com.youngjun.book.springboot.web.HelloControllerTest], using SpringBootContextLoader
2020-05-22 20:08:28.112  INFO 21056 --- [    Test worker] o.s.t.c.support.AbstractContextLoader    : Could not detect default resource locations for test class [com.youngjun.book.springboot.web.HelloControllerTest]: no resource found for suffixes {-context.xml, Context.groovy}.
2020-05-22 20:08:28.112  INFO 21056 --- [    Test worker] t.c.s.AnnotationConfigContextLoaderUtils : Could not detect default configuration classes for test class [com.youngjun.book.springboot.web.HelloControllerTest]: HelloControllerTest does not declare any static, non-private, non-final, nested classes annotated with @Configuration.
2020-05-22 20:08:28.142  INFO 21056 --- [    Test worker] .b.t.c.SpringBootTestContextBootstrapper : Found @SpringBootConfiguration com.youngjun.book.springboot.Application for test class com.youngjun.book.springboot.web.HelloControllerTest
2020-05-22 20:08:28.143  INFO 21056 --- [    Test worker] .b.t.a.w.s.WebMvcTestContextBootstrapper : Loaded default TestExecutionListener class names from location [META-INF/spring.factories]: [org.springframework.security.test.context.support.WithSecurityContextTestExecutionListener, org.springframework.security.test.context.support.ReactorContextTestExecutionListener, org.springframework.boot.test.autoconfigure.restdocs.RestDocsTestExecutionListener, org.springframework.boot.test.autoconfigure.web.client.MockRestServiceServerResetTestExecutionListener, org.springframework.boot.test.autoconfigure.web.servlet.MockMvcPrintOnlyOnFailureTestExecutionListener, org.springframework.boot.test.autoconfigure.web.servlet.WebDriverTestExecutionListener, org.springframework.boot.test.mock.mockito.MockitoTestExecutionListener, org.springframework.boot.test.mock.mockito.ResetMocksTestExecutionListener, org.springframework.test.context.web.ServletTestExecutionListener, org.springframework.test.context.support.DirtiesContextBeforeModesTestExecutionListener, org.springframework.test.context.support.DependencyInjectionTestExecutionListener, org.springframework.test.context.support.DirtiesContextTestExecutionListener, org.springframework.test.context.transaction.TransactionalTestExecutionListener, org.springframework.test.context.jdbc.SqlScriptsTestExecutionListener]
2020-05-22 20:08:28.145  INFO 21056 --- [    Test worker] .b.t.a.w.s.WebMvcTestContextBootstrapper : Using TestExecutionListeners: [org.springframework.test.context.web.ServletTestExecutionListener@3f457d22, org.springframework.test.context.support.DirtiesContextBeforeModesTestExecutionListener@12c7d9ee, org.springframework.boot.test.mock.mockito.MockitoTestExecutionListener@26f13d70, org.springframework.boot.test.autoconfigure.SpringBootDependencyInjectionTestExecutionListener@3d9e5822, org.springframework.test.context.support.DirtiesContextTestExecutionListener@29a68ede, org.springframework.test.context.transaction.TransactionalTestExecutionListener@5022aad, org.springframework.test.context.jdbc.SqlScriptsTestExecutionListener@2ab79dc0, org.springframework.security.test.context.support.WithSecurityContextTestExecutionListener@65a78ffc, org.springframework.security.test.context.support.ReactorContextTestExecutionListener@786a2de8, org.springframework.boot.test.autoconfigure.restdocs.RestDocsTestExecutionListener@6ca9370a, org.springframework.boot.test.autoconfigure.web.client.MockRestServiceServerResetTestExecutionListener@7a66eec2, org.springframework.boot.test.autoconfigure.web.servlet.MockMvcPrintOnlyOnFailureTestExecutionListener@23e7561d, org.springframework.boot.test.autoconfigure.web.servlet.WebDriverTestExecutionListener@acb3ae4, org.springframework.boot.test.mock.mockito.ResetMocksTestExecutionListener@2f7f4dd0]

  .   ____          _            __ _ _
 /\\ / ___'_ __ _ _(_)_ __  __ _ \ \ \ \
( ( )\___ | '_ | '_| | '_ \/ _` | \ \ \ \
 \\/  ___)| |_)| | | | | || (_| |  ) ) ) )
  '  |____| .__|_| |_|_| |_\__, | / / / /
 =========|_|==============|___/=/_/_/_/
 :: Spring Boot ::        (v2.1.9.RELEASE)

2020-05-22 20:08:28.183  INFO 21056 --- [    Test worker] c.y.b.s.web.HelloControllerTest          : Starting HelloControllerTest on DESKTOP-U1VS4JN with PID 21056 (started by sohny in D:\programming\workspace\IntelliJ\springboot-webservice)
2020-05-22 20:08:28.185  INFO 21056 --- [    Test worker] c.y.b.s.web.HelloControllerTest          : No active profile set, falling back to default profiles: default
2020-05-22 20:08:28.711  INFO 21056 --- [    Test worker] o.s.s.concurrent.ThreadPoolTaskExecutor  : Initializing ExecutorService 'applicationTaskExecutor'
2020-05-22 20:08:28.753  INFO 21056 --- [    Test worker] o.s.b.a.w.s.WelcomePageHandlerMapping    : Adding welcome page template: index
2020-05-22 20:08:29.006  INFO 21056 --- [    Test worker] .s.s.UserDetailsServiceAutoConfiguration : 

Using generated security password: 62fab797-9197-4c4f-afa4-f25ca02734c3

2020-05-22 20:08:29.154  INFO 21056 --- [    Test worker] o.s.s.web.DefaultSecurityFilterChain     : Creating filter chain: any request, [org.springframework.security.web.context.request.async.WebAsyncManagerIntegrationFilter@510e3f50, org.springframework.security.web.context.SecurityContextPersistenceFilter@29c5dd3e, org.springframework.security.web.header.HeaderWriterFilter@1eee4f18, org.springframework.security.web.csrf.CsrfFilter@772f8849, org.springframework.security.web.authentication.logout.LogoutFilter@43b63799, org.springframework.security.web.authentication.UsernamePasswordAuthenticationFilter@ceb4192, org.springframework.security.web.authentication.ui.DefaultLoginPageGeneratingFilter@78518b49, org.springframework.security.web.authentication.ui.DefaultLogoutPageGeneratingFilter@50d52eaf, org.springframework.security.web.authentication.www.BasicAuthenticationFilter@662719ce, org.springframework.security.web.savedrequest.RequestCacheAwareFilter@467b9c8c, org.springframework.security.web.servletapi.SecurityContextHolderAwareRequestFilter@2a818dd4, org.springframework.security.web.authentication.AnonymousAuthenticationFilter@ee2a412, org.springframework.security.web.session.SessionManagementFilter@1588e14c, org.springframework.security.web.access.ExceptionTranslationFilter@24b96d1f, org.springframework.security.web.access.intercept.FilterSecurityInterceptor@74e1e2a4]
2020-05-22 20:08:29.195  INFO 21056 --- [    Test worker] o.s.b.t.m.w.SpringBootMockServletContext : Initializing Spring TestDispatcherServlet ''
2020-05-22 20:08:29.195  INFO 21056 --- [    Test worker] o.s.t.web.servlet.TestDispatcherServlet  : Initializing Servlet ''
2020-05-22 20:08:29.213  INFO 21056 --- [    Test worker] o.s.t.web.servlet.TestDispatcherServlet  : Completed initialization in 18 ms
2020-05-22 20:08:29.241  INFO 21056 --- [    Test worker] c.y.b.s.web.HelloControllerTest          : Started HelloControllerTest in 1.094 seconds (JVM running for 11.034)
]]></system-out>
  <system-err><![CDATA[]]></system-err>
</testsuite>
