<?xml version="1.0" encoding="UTF-8"?>
<testsuite name="com.youngjun.book.springboot.web.HelloControllerTest" tests="2" skipped="0" failures="0" errors="0" timestamp="2020-05-22T10:09:15" hostname="DESKTOP-U1VS4JN" time="0.187">
  <properties/>
  <testcase name="helloDTOTest" classname="com.youngjun.book.springboot.web.HelloControllerTest" time="0.178"/>
  <testcase name="helloTest" classname="com.youngjun.book.springboot.web.HelloControllerTest" time="0.008"/>
  <system-out><![CDATA[2020-05-22 19:09:14.759  INFO 15748 --- [    Test worker] .b.t.a.w.s.WebMvcTestContextBootstrapper : Neither @ContextConfiguration nor @ContextHierarchy found for test class [com.youngjun.book.springboot.web.HelloControllerTest], using SpringBootContextLoader
2020-05-22 19:09:14.761  INFO 15748 --- [    Test worker] o.s.t.c.support.AbstractContextLoader    : Could not detect default resource locations for test class [com.youngjun.book.springboot.web.HelloControllerTest]: no resource found for suffixes {-context.xml, Context.groovy}.
2020-05-22 19:09:14.761  INFO 15748 --- [    Test worker] t.c.s.AnnotationConfigContextLoaderUtils : Could not detect default configuration classes for test class [com.youngjun.book.springboot.web.HelloControllerTest]: HelloControllerTest does not declare any static, non-private, non-final, nested classes annotated with @Configuration.
2020-05-22 19:09:14.794  INFO 15748 --- [    Test worker] .b.t.c.SpringBootTestContextBootstrapper : Found @SpringBootConfiguration com.youngjun.book.springboot.Application for test class com.youngjun.book.springboot.web.HelloControllerTest
2020-05-22 19:09:14.795  INFO 15748 --- [    Test worker] .b.t.a.w.s.WebMvcTestContextBootstrapper : Loaded default TestExecutionListener class names from location [META-INF/spring.factories]: [org.springframework.security.test.context.support.WithSecurityContextTestExecutionListener, org.springframework.security.test.context.support.ReactorContextTestExecutionListener, org.springframework.boot.test.autoconfigure.restdocs.RestDocsTestExecutionListener, org.springframework.boot.test.autoconfigure.web.client.MockRestServiceServerResetTestExecutionListener, org.springframework.boot.test.autoconfigure.web.servlet.MockMvcPrintOnlyOnFailureTestExecutionListener, org.springframework.boot.test.autoconfigure.web.servlet.WebDriverTestExecutionListener, org.springframework.boot.test.mock.mockito.MockitoTestExecutionListener, org.springframework.boot.test.mock.mockito.ResetMocksTestExecutionListener, org.springframework.test.context.web.ServletTestExecutionListener, org.springframework.test.context.support.DirtiesContextBeforeModesTestExecutionListener, org.springframework.test.context.support.DependencyInjectionTestExecutionListener, org.springframework.test.context.support.DirtiesContextTestExecutionListener, org.springframework.test.context.transaction.TransactionalTestExecutionListener, org.springframework.test.context.jdbc.SqlScriptsTestExecutionListener]
2020-05-22 19:09:14.796  INFO 15748 --- [    Test worker] .b.t.a.w.s.WebMvcTestContextBootstrapper : Using TestExecutionListeners: [org.springframework.test.context.web.ServletTestExecutionListener@5b4edc38, org.springframework.test.context.support.DirtiesContextBeforeModesTestExecutionListener@ba7e4b2, org.springframework.boot.test.mock.mockito.MockitoTestExecutionListener@791c5d19, org.springframework.boot.test.autoconfigure.SpringBootDependencyInjectionTestExecutionListener@3f457d22, org.springframework.test.context.support.DirtiesContextTestExecutionListener@12c7d9ee, org.springframework.test.context.transaction.TransactionalTestExecutionListener@26f13d70, org.springframework.test.context.jdbc.SqlScriptsTestExecutionListener@3d9e5822, org.springframework.security.test.context.support.WithSecurityContextTestExecutionListener@29a68ede, org.springframework.security.test.context.support.ReactorContextTestExecutionListener@5022aad, org.springframework.boot.test.autoconfigure.restdocs.RestDocsTestExecutionListener@2ab79dc0, org.springframework.boot.test.autoconfigure.web.client.MockRestServiceServerResetTestExecutionListener@65a78ffc, org.springframework.boot.test.autoconfigure.web.servlet.MockMvcPrintOnlyOnFailureTestExecutionListener@786a2de8, org.springframework.boot.test.autoconfigure.web.servlet.WebDriverTestExecutionListener@6ca9370a, org.springframework.boot.test.mock.mockito.ResetMocksTestExecutionListener@7a66eec2]

  .   ____          _            __ _ _
 /\\ / ___'_ __ _ _(_)_ __  __ _ \ \ \ \
( ( )\___ | '_ | '_| | '_ \/ _` | \ \ \ \
 \\/  ___)| |_)| | | | | || (_| |  ) ) ) )
  '  |____| .__|_| |_|_| |_\__, | / / / /
 =========|_|==============|___/=/_/_/_/
 :: Spring Boot ::        (v2.1.9.RELEASE)

2020-05-22 19:09:14.833  INFO 15748 --- [    Test worker] c.y.b.s.web.HelloControllerTest          : Starting HelloControllerTest on DESKTOP-U1VS4JN with PID 15748 (started by sohny in D:\programming\workspace\IntelliJ\springboot-webservice)
2020-05-22 19:09:14.835  INFO 15748 --- [    Test worker] c.y.b.s.web.HelloControllerTest          : No active profile set, falling back to default profiles: default
2020-05-22 19:09:15.323  INFO 15748 --- [    Test worker] o.s.s.concurrent.ThreadPoolTaskExecutor  : Initializing ExecutorService 'applicationTaskExecutor'
2020-05-22 19:09:15.368  INFO 15748 --- [    Test worker] o.s.b.a.w.s.WelcomePageHandlerMapping    : Adding welcome page template: index
2020-05-22 19:09:15.583  INFO 15748 --- [    Test worker] .s.s.UserDetailsServiceAutoConfiguration : 

Using generated security password: 88a862b5-e4c2-43a4-8f13-c10bc8d887a7

2020-05-22 19:09:15.723  INFO 15748 --- [    Test worker] o.s.s.web.DefaultSecurityFilterChain     : Creating filter chain: any request, [org.springframework.security.web.context.request.async.WebAsyncManagerIntegrationFilter@662719ce, org.springframework.security.web.context.SecurityContextPersistenceFilter@1eee4f18, org.springframework.security.web.header.HeaderWriterFilter@550d2f8c, org.springframework.security.web.csrf.CsrfFilter@16ecf53f, org.springframework.security.web.authentication.logout.LogoutFilter@7f7a8550, org.springframework.security.web.authentication.UsernamePasswordAuthenticationFilter@6990711, org.springframework.security.web.authentication.ui.DefaultLoginPageGeneratingFilter@467b9c8c, org.springframework.security.web.authentication.ui.DefaultLogoutPageGeneratingFilter@52205ec8, org.springframework.security.web.authentication.www.BasicAuthenticationFilter@4b19068a, org.springframework.security.web.savedrequest.RequestCacheAwareFilter@1588e14c, org.springframework.security.web.servletapi.SecurityContextHolderAwareRequestFilter@29c5dd3e, org.springframework.security.web.authentication.AnonymousAuthenticationFilter@510e3f50, org.springframework.security.web.session.SessionManagementFilter@24b96d1f, org.springframework.security.web.access.ExceptionTranslationFilter@772f8849, org.springframework.security.web.access.intercept.FilterSecurityInterceptor@1cb2b4d9]
2020-05-22 19:09:15.757  INFO 15748 --- [    Test worker] o.s.b.t.m.w.SpringBootMockServletContext : Initializing Spring TestDispatcherServlet ''
2020-05-22 19:09:15.757  INFO 15748 --- [    Test worker] o.s.t.web.servlet.TestDispatcherServlet  : Initializing Servlet ''
2020-05-22 19:09:15.773  INFO 15748 --- [    Test worker] o.s.t.web.servlet.TestDispatcherServlet  : Completed initialization in 15 ms
2020-05-22 19:09:15.824  INFO 15748 --- [    Test worker] c.y.b.s.web.HelloControllerTest          : Started HelloControllerTest in 1.025 seconds (JVM running for 10.366)
]]></system-out>
  <system-err><![CDATA[]]></system-err>
</testsuite>
