<?xml version="1.0" encoding="UTF-8"?>
<testsuite name="com.youngjun.book.springboot.web.PostApiControllerTest" tests="2" skipped="0" failures="0" errors="0" timestamp="2020-05-22T10:09:18" hostname="DESKTOP-U1VS4JN" time="0.126">
  <properties/>
  <testcase name="PostsRegistration" classname="com.youngjun.book.springboot.web.PostApiControllerTest" time="0.085"/>
  <testcase name="postsUpdate" classname="com.youngjun.book.springboot.web.PostApiControllerTest" time="0.04"/>
  <system-out><![CDATA[2020-05-22 19:09:18.720  INFO 15748 --- [    Test worker] .b.t.c.SpringBootTestContextBootstrapper : Neither @ContextConfiguration nor @ContextHierarchy found for test class [com.youngjun.book.springboot.web.PostApiControllerTest], using SpringBootContextLoader
2020-05-22 19:09:18.721  INFO 15748 --- [    Test worker] o.s.t.c.support.AbstractContextLoader    : Could not detect default resource locations for test class [com.youngjun.book.springboot.web.PostApiControllerTest]: no resource found for suffixes {-context.xml, Context.groovy}.
2020-05-22 19:09:18.721  INFO 15748 --- [    Test worker] t.c.s.AnnotationConfigContextLoaderUtils : Could not detect default configuration classes for test class [com.youngjun.book.springboot.web.PostApiControllerTest]: PostApiControllerTest does not declare any static, non-private, non-final, nested classes annotated with @Configuration.
2020-05-22 19:09:18.724  INFO 15748 --- [    Test worker] .b.t.c.SpringBootTestContextBootstrapper : Found @SpringBootConfiguration com.youngjun.book.springboot.Application for test class com.youngjun.book.springboot.web.PostApiControllerTest
2020-05-22 19:09:18.726  INFO 15748 --- [    Test worker] .b.t.c.SpringBootTestContextBootstrapper : Loaded default TestExecutionListener class names from location [META-INF/spring.factories]: [org.springframework.security.test.context.support.WithSecurityContextTestExecutionListener, org.springframework.security.test.context.support.ReactorContextTestExecutionListener, org.springframework.boot.test.autoconfigure.restdocs.RestDocsTestExecutionListener, org.springframework.boot.test.autoconfigure.web.client.MockRestServiceServerResetTestExecutionListener, org.springframework.boot.test.autoconfigure.web.servlet.MockMvcPrintOnlyOnFailureTestExecutionListener, org.springframework.boot.test.autoconfigure.web.servlet.WebDriverTestExecutionListener, org.springframework.boot.test.mock.mockito.MockitoTestExecutionListener, org.springframework.boot.test.mock.mockito.ResetMocksTestExecutionListener, org.springframework.test.context.web.ServletTestExecutionListener, org.springframework.test.context.support.DirtiesContextBeforeModesTestExecutionListener, org.springframework.test.context.support.DependencyInjectionTestExecutionListener, org.springframework.test.context.support.DirtiesContextTestExecutionListener, org.springframework.test.context.transaction.TransactionalTestExecutionListener, org.springframework.test.context.jdbc.SqlScriptsTestExecutionListener]
2020-05-22 19:09:18.727  INFO 15748 --- [    Test worker] .b.t.c.SpringBootTestContextBootstrapper : Using TestExecutionListeners: [org.springframework.test.context.web.ServletTestExecutionListener@6777de72, org.springframework.test.context.support.DirtiesContextBeforeModesTestExecutionListener@25602d0b, org.springframework.boot.test.mock.mockito.MockitoTestExecutionListener@336832f9, org.springframework.boot.test.autoconfigure.SpringBootDependencyInjectionTestExecutionListener@6ea4a9a1, org.springframework.test.context.support.DirtiesContextTestExecutionListener@37f96e49, org.springframework.test.context.transaction.TransactionalTestExecutionListener@135505c8, org.springframework.test.context.jdbc.SqlScriptsTestExecutionListener@61d802a1, org.springframework.security.test.context.support.WithSecurityContextTestExecutionListener@2a7a469a, org.springframework.security.test.context.support.ReactorContextTestExecutionListener@568deeba, org.springframework.boot.test.autoconfigure.restdocs.RestDocsTestExecutionListener@6d4ddae6, org.springframework.boot.test.autoconfigure.web.client.MockRestServiceServerResetTestExecutionListener@4c2100e4, org.springframework.boot.test.autoconfigure.web.servlet.MockMvcPrintOnlyOnFailureTestExecutionListener@3497d16c, org.springframework.boot.test.autoconfigure.web.servlet.WebDriverTestExecutionListener@d56017a, org.springframework.boot.test.mock.mockito.ResetMocksTestExecutionListener@e4f60dc]
2020-05-22 19:09:18.739  INFO 15748 --- [    Test worker] o.a.c.c.C.[Tomcat].[localhost].[/]       : Initializing Spring TestDispatcherServlet ''
2020-05-22 19:09:18.740  INFO 15748 --- [    Test worker] o.s.t.web.servlet.TestDispatcherServlet  : Initializing Servlet ''
2020-05-22 19:09:18.743  INFO 15748 --- [    Test worker] o.s.t.web.servlet.TestDispatcherServlet  : Completed initialization in 3 ms
Hibernate: insert into posts (created_time, modified_date, author, content, title) values (?, ?, ?, ?, ?)
Hibernate: select posts0_.id as id1_0_, posts0_.created_time as created_2_0_, posts0_.modified_date as modified3_0_, posts0_.author as author4_0_, posts0_.content as content5_0_, posts0_.title as title6_0_ from posts posts0_
Hibernate: select posts0_.id as id1_0_, posts0_.created_time as created_2_0_, posts0_.modified_date as modified3_0_, posts0_.author as author4_0_, posts0_.content as content5_0_, posts0_.title as title6_0_ from posts posts0_
Hibernate: delete from posts where id=?
2020-05-22 19:09:18.821  INFO 15748 --- [    Test worker] o.a.c.c.C.[Tomcat].[localhost].[/]       : Initializing Spring TestDispatcherServlet ''
2020-05-22 19:09:18.821  INFO 15748 --- [    Test worker] o.s.t.web.servlet.TestDispatcherServlet  : Initializing Servlet ''
2020-05-22 19:09:18.824  INFO 15748 --- [    Test worker] o.s.t.web.servlet.TestDispatcherServlet  : Completed initialization in 3 ms
Hibernate: insert into posts (created_time, modified_date, author, content, title) values (?, ?, ?, ?, ?)
Hibernate: select posts0_.id as id1_0_0_, posts0_.created_time as created_2_0_0_, posts0_.modified_date as modified3_0_0_, posts0_.author as author4_0_0_, posts0_.content as content5_0_0_, posts0_.title as title6_0_0_ from posts posts0_ where posts0_.id=?
Hibernate: update posts set created_time=?, modified_date=?, author=?, content=?, title=? where id=?
Hibernate: select posts0_.id as id1_0_, posts0_.created_time as created_2_0_, posts0_.modified_date as modified3_0_, posts0_.author as author4_0_, posts0_.content as content5_0_, posts0_.title as title6_0_ from posts posts0_
Hibernate: select posts0_.id as id1_0_, posts0_.created_time as created_2_0_, posts0_.modified_date as modified3_0_, posts0_.author as author4_0_, posts0_.content as content5_0_, posts0_.title as title6_0_ from posts posts0_
Hibernate: delete from posts where id=?
]]></system-out>
  <system-err><![CDATA[]]></system-err>
</testsuite>
