<?xml version="1.0" encoding="UTF-8"?>
<<<<<<< Updated upstream
<testsuite name="com.youngjun.book.springboot.web.PostApiControllerTest" tests="2" skipped="0" failures="0" errors="0" timestamp="2020-05-22T08:46:08" hostname="DESKTOP-U1VS4JN" time="0.154">
  <properties/>
  <testcase name="PostsRegistration" classname="com.youngjun.book.springboot.web.PostApiControllerTest" time="0.09"/>
  <testcase name="postsUpdate" classname="com.youngjun.book.springboot.web.PostApiControllerTest" time="0.063"/>
  <system-out><![CDATA[2020-05-22 17:46:08.334  INFO 20236 --- [    Test worker] .b.t.c.SpringBootTestContextBootstrapper : Neither @ContextConfiguration nor @ContextHierarchy found for test class [com.youngjun.book.springboot.web.PostApiControllerTest], using SpringBootContextLoader
2020-05-22 17:46:08.335  INFO 20236 --- [    Test worker] o.s.t.c.support.AbstractContextLoader    : Could not detect default resource locations for test class [com.youngjun.book.springboot.web.PostApiControllerTest]: no resource found for suffixes {-context.xml, Context.groovy}.
2020-05-22 17:46:08.336  INFO 20236 --- [    Test worker] t.c.s.AnnotationConfigContextLoaderUtils : Could not detect default configuration classes for test class [com.youngjun.book.springboot.web.PostApiControllerTest]: PostApiControllerTest does not declare any static, non-private, non-final, nested classes annotated with @Configuration.
2020-05-22 17:46:08.338  INFO 20236 --- [    Test worker] .b.t.c.SpringBootTestContextBootstrapper : Found @SpringBootConfiguration com.youngjun.book.springboot.Application for test class com.youngjun.book.springboot.web.PostApiControllerTest
2020-05-22 17:46:08.340  INFO 20236 --- [    Test worker] .b.t.c.SpringBootTestContextBootstrapper : Loaded default TestExecutionListener class names from location [META-INF/spring.factories]: [org.springframework.security.test.context.support.WithSecurityContextTestExecutionListener, org.springframework.security.test.context.support.ReactorContextTestExecutionListener, org.springframework.boot.test.autoconfigure.restdocs.RestDocsTestExecutionListener, org.springframework.boot.test.autoconfigure.web.client.MockRestServiceServerResetTestExecutionListener, org.springframework.boot.test.autoconfigure.web.servlet.MockMvcPrintOnlyOnFailureTestExecutionListener, org.springframework.boot.test.autoconfigure.web.servlet.WebDriverTestExecutionListener, org.springframework.boot.test.mock.mockito.MockitoTestExecutionListener, org.springframework.boot.test.mock.mockito.ResetMocksTestExecutionListener, org.springframework.test.context.web.ServletTestExecutionListener, org.springframework.test.context.support.DirtiesContextBeforeModesTestExecutionListener, org.springframework.test.context.support.DependencyInjectionTestExecutionListener, org.springframework.test.context.support.DirtiesContextTestExecutionListener, org.springframework.test.context.transaction.TransactionalTestExecutionListener, org.springframework.test.context.jdbc.SqlScriptsTestExecutionListener]
2020-05-22 17:46:08.343  INFO 20236 --- [    Test worker] .b.t.c.SpringBootTestContextBootstrapper : Using TestExecutionListeners: [org.springframework.test.context.web.ServletTestExecutionListener@2bb2d320, org.springframework.test.context.support.DirtiesContextBeforeModesTestExecutionListener@728503ac, org.springframework.boot.test.mock.mockito.MockitoTestExecutionListener@5c63040c, org.springframework.boot.test.autoconfigure.SpringBootDependencyInjectionTestExecutionListener@56b8d54b, org.springframework.test.context.support.DirtiesContextTestExecutionListener@6bae276f, org.springframework.test.context.transaction.TransactionalTestExecutionListener@316cd1d5, org.springframework.test.context.jdbc.SqlScriptsTestExecutionListener@75ebf090, org.springframework.security.test.context.support.WithSecurityContextTestExecutionListener@656971eb, org.springframework.security.test.context.support.ReactorContextTestExecutionListener@7fe6b776, org.springframework.boot.test.autoconfigure.restdocs.RestDocsTestExecutionListener@28532326, org.springframework.boot.test.autoconfigure.web.client.MockRestServiceServerResetTestExecutionListener@29639cc, org.springframework.boot.test.autoconfigure.web.servlet.MockMvcPrintOnlyOnFailureTestExecutionListener@2c5ee65c, org.springframework.boot.test.autoconfigure.web.servlet.WebDriverTestExecutionListener@6649a9a6, org.springframework.boot.test.mock.mockito.ResetMocksTestExecutionListener@57b2ec5a]
2020-05-22 17:46:08.353  INFO 20236 --- [    Test worker] o.a.c.c.C.[Tomcat].[localhost].[/]       : Initializing Spring TestDispatcherServlet ''
2020-05-22 17:46:08.353  INFO 20236 --- [    Test worker] o.s.t.web.servlet.TestDispatcherServlet  : Initializing Servlet ''
2020-05-22 17:46:08.358  INFO 20236 --- [    Test worker] o.s.t.web.servlet.TestDispatcherServlet  : Completed initialization in 4 ms
=======
<testsuite name="com.youngjun.book.springboot.web.PostApiControllerTest" tests="2" skipped="0" failures="0" errors="0" timestamp="2020-05-25T08:04:11" hostname="DESKTOP-U1VS4JN" time="0.231">
  <properties/>
  <testcase name="PostsRegistration" classname="com.youngjun.book.springboot.web.PostApiControllerTest" time="0.138"/>
  <testcase name="postsUpdate" classname="com.youngjun.book.springboot.web.PostApiControllerTest" time="0.092"/>
  <system-out><![CDATA[2020-05-25 17:04:07.473  INFO 15760 --- [    Test worker] .b.t.c.SpringBootTestContextBootstrapper : Neither @ContextConfiguration nor @ContextHierarchy found for test class [com.youngjun.book.springboot.web.PostApiControllerTest], using SpringBootContextLoader
2020-05-25 17:04:07.475  INFO 15760 --- [    Test worker] o.s.t.c.support.AbstractContextLoader    : Could not detect default resource locations for test class [com.youngjun.book.springboot.web.PostApiControllerTest]: no resource found for suffixes {-context.xml, Context.groovy}.
2020-05-25 17:04:07.475  INFO 15760 --- [    Test worker] t.c.s.AnnotationConfigContextLoaderUtils : Could not detect default configuration classes for test class [com.youngjun.book.springboot.web.PostApiControllerTest]: PostApiControllerTest does not declare any static, non-private, non-final, nested classes annotated with @Configuration.
2020-05-25 17:04:07.477  INFO 15760 --- [    Test worker] .b.t.c.SpringBootTestContextBootstrapper : Found @SpringBootConfiguration com.youngjun.book.springboot.Application for test class com.youngjun.book.springboot.web.PostApiControllerTest
2020-05-25 17:04:07.479  INFO 15760 --- [    Test worker] .b.t.c.SpringBootTestContextBootstrapper : Loaded default TestExecutionListener class names from location [META-INF/spring.factories]: [org.springframework.security.test.context.support.WithSecurityContextTestExecutionListener, org.springframework.security.test.context.support.ReactorContextTestExecutionListener, org.springframework.boot.test.autoconfigure.restdocs.RestDocsTestExecutionListener, org.springframework.boot.test.autoconfigure.web.client.MockRestServiceServerResetTestExecutionListener, org.springframework.boot.test.autoconfigure.web.servlet.MockMvcPrintOnlyOnFailureTestExecutionListener, org.springframework.boot.test.autoconfigure.web.servlet.WebDriverTestExecutionListener, org.springframework.boot.test.mock.mockito.MockitoTestExecutionListener, org.springframework.boot.test.mock.mockito.ResetMocksTestExecutionListener, org.springframework.test.context.web.ServletTestExecutionListener, org.springframework.test.context.support.DirtiesContextBeforeModesTestExecutionListener, org.springframework.test.context.support.DependencyInjectionTestExecutionListener, org.springframework.test.context.support.DirtiesContextTestExecutionListener, org.springframework.test.context.transaction.TransactionalTestExecutionListener, org.springframework.test.context.jdbc.SqlScriptsTestExecutionListener]
2020-05-25 17:04:07.480  INFO 15760 --- [    Test worker] .b.t.c.SpringBootTestContextBootstrapper : Using TestExecutionListeners: [org.springframework.test.context.web.ServletTestExecutionListener@6144d12f, org.springframework.test.context.support.DirtiesContextBeforeModesTestExecutionListener@5fa3df1d, org.springframework.boot.test.mock.mockito.MockitoTestExecutionListener@7c50799d, org.springframework.boot.test.autoconfigure.SpringBootDependencyInjectionTestExecutionListener@c8a81c0, org.springframework.test.context.support.DirtiesContextTestExecutionListener@4b80e4d7, org.springframework.test.context.transaction.TransactionalTestExecutionListener@a1a918d, org.springframework.test.context.jdbc.SqlScriptsTestExecutionListener@75f99dc2, org.springframework.security.test.context.support.WithSecurityContextTestExecutionListener@2d25963c, org.springframework.security.test.context.support.ReactorContextTestExecutionListener@614f6913, org.springframework.boot.test.autoconfigure.restdocs.RestDocsTestExecutionListener@3f071a4e, org.springframework.boot.test.autoconfigure.web.client.MockRestServiceServerResetTestExecutionListener@6a987e1, org.springframework.boot.test.autoconfigure.web.servlet.MockMvcPrintOnlyOnFailureTestExecutionListener@73c757e, org.springframework.boot.test.autoconfigure.web.servlet.WebDriverTestExecutionListener@1da1937b, org.springframework.boot.test.mock.mockito.ResetMocksTestExecutionListener@1a732feb]

  .   ____          _            __ _ _
 /\\ / ___'_ __ _ _(_)_ __  __ _ \ \ \ \
( ( )\___ | '_ | '_| | '_ \/ _` | \ \ \ \
 \\/  ___)| |_)| | | | | || (_| |  ) ) ) )
  '  |____| .__|_| |_|_| |_\__, | / / / /
 =========|_|==============|___/=/_/_/_/
 :: Spring Boot ::        (v2.1.9.RELEASE)

2020-05-25 17:04:07.602  INFO 15760 --- [    Test worker] c.y.b.s.web.PostApiControllerTest        : Starting PostApiControllerTest on DESKTOP-U1VS4JN with PID 15760 (started by sohny in D:\programming\workspace\IntelliJ\springboot-webservice)
2020-05-25 17:04:07.603  INFO 15760 --- [    Test worker] c.y.b.s.web.PostApiControllerTest        : No active profile set, falling back to default profiles: default
2020-05-25 17:04:08.011  INFO 15760 --- [    Test worker] .s.d.r.c.RepositoryConfigurationDelegate : Bootstrapping Spring Data repositories in DEFAULT mode.
2020-05-25 17:04:08.037  INFO 15760 --- [    Test worker] .s.d.r.c.RepositoryConfigurationDelegate : Finished Spring Data repository scanning in 26ms. Found 2 repository interfaces.
2020-05-25 17:04:08.237  INFO 15760 --- [    Test worker] trationDelegate$BeanPostProcessorChecker : Bean 'org.springframework.transaction.annotation.ProxyTransactionManagementConfiguration' of type [org.springframework.transaction.annotation.ProxyTransactionManagementConfiguration$$EnhancerBySpringCGLIB$$d9c6ca3e] is not eligible for getting processed by all BeanPostProcessors (for example: not eligible for auto-proxying)
2020-05-25 17:04:08.725  INFO 15760 --- [    Test worker] o.s.b.w.embedded.tomcat.TomcatWebServer  : Tomcat initialized with port(s): 0 (http)
2020-05-25 17:04:08.776  INFO 15760 --- [    Test worker] o.apache.catalina.core.StandardService   : Starting service [Tomcat]
2020-05-25 17:04:08.776  INFO 15760 --- [    Test worker] org.apache.catalina.core.StandardEngine  : Starting Servlet engine: [Apache Tomcat/9.0.26]
2020-05-25 17:04:09.264  INFO 15760 --- [    Test worker] o.a.c.c.C.[Tomcat].[localhost].[/]       : Initializing Spring embedded WebApplicationContext
2020-05-25 17:04:09.264  INFO 15760 --- [    Test worker] o.s.web.context.ContextLoader            : Root WebApplicationContext: initialization completed in 1653 ms
2020-05-25 17:04:09.679  INFO 15760 --- [    Test worker] com.zaxxer.hikari.HikariDataSource       : HikariPool-2 - Starting...
2020-05-25 17:04:09.680  INFO 15760 --- [    Test worker] com.zaxxer.hikari.HikariDataSource       : HikariPool-2 - Start completed.
2020-05-25 17:04:09.732  INFO 15760 --- [    Test worker] o.hibernate.jpa.internal.util.LogHelper  : HHH000204: Processing PersistenceUnitInfo [
	name: default
	...]
2020-05-25 17:04:09.745  INFO 15760 --- [    Test worker] org.hibernate.dialect.Dialect            : HHH000400: Using dialect: org.hibernate.dialect.MySQL5InnoDBDialect
Hibernate: drop table if exists posts
Hibernate: drop table if exists user
Hibernate: create table posts (id bigint not null auto_increment, created_time datetime, modified_date datetime, author varchar(255), content TEXT not null, title varchar(500) not null, primary key (id)) engine=InnoDB
Hibernate: create table user (id bigint not null auto_increment, created_time datetime, modified_date datetime, email varchar(255) not null, name varchar(255) not null, picture varchar(255), role varchar(255) not null, primary key (id)) engine=InnoDB
2020-05-25 17:04:09.838  INFO 15760 --- [    Test worker] o.h.t.schema.internal.SchemaCreatorImpl  : HHH000476: Executing import script 'org.hibernate.tool.schema.internal.exec.ScriptSourceInputNonExistentImpl@1a5f750e'
2020-05-25 17:04:09.839  INFO 15760 --- [    Test worker] j.LocalContainerEntityManagerFactoryBean : Initialized JPA EntityManagerFactory for persistence unit 'default'
2020-05-25 17:04:10.381  INFO 15760 --- [    Test worker] o.h.h.i.QueryTranslatorFactoryInitiator  : HHH000397: Using ASTQueryTranslatorFactory
2020-05-25 17:04:10.610  INFO 15760 --- [    Test worker] o.s.s.web.DefaultSecurityFilterChain     : Creating filter chain: any request, [org.springframework.security.web.context.request.async.WebAsyncManagerIntegrationFilter@7c1a93a5, org.springframework.security.web.context.SecurityContextPersistenceFilter@17bef5cf, org.springframework.security.web.header.HeaderWriterFilter@91ea1f3, org.springframework.security.web.authentication.logout.LogoutFilter@3e94ce70, org.springframework.security.oauth2.client.web.OAuth2AuthorizationRequestRedirectFilter@74c5224, org.springframework.security.oauth2.client.web.OAuth2LoginAuthenticationFilter@7dcc0feb, org.springframework.security.web.authentication.ui.DefaultLoginPageGeneratingFilter@5ee448ee, org.springframework.security.web.authentication.ui.DefaultLogoutPageGeneratingFilter@7d4d6873, org.springframework.security.web.savedrequest.RequestCacheAwareFilter@7b6b7810, org.springframework.security.web.servletapi.SecurityContextHolderAwareRequestFilter@7065fb7, org.springframework.security.web.authentication.AnonymousAuthenticationFilter@1875d88c, org.springframework.security.web.session.SessionManagementFilter@251f8495, org.springframework.security.web.access.ExceptionTranslationFilter@28dd68e, org.springframework.security.web.access.intercept.FilterSecurityInterceptor@d018ae7]
2020-05-25 17:04:10.913  INFO 15760 --- [    Test worker] o.s.s.concurrent.ThreadPoolTaskExecutor  : Initializing ExecutorService 'applicationTaskExecutor'
2020-05-25 17:04:10.946  WARN 15760 --- [    Test worker] aWebConfiguration$JpaWebMvcConfiguration : spring.jpa.open-in-view is enabled by default. Therefore, database queries may be performed during view rendering. Explicitly configure spring.jpa.open-in-view to disable this warning
2020-05-25 17:04:11.017  INFO 15760 --- [    Test worker] o.s.b.a.w.s.WelcomePageHandlerMapping    : Adding welcome page template: index
2020-05-25 17:04:11.574  INFO 15760 --- [    Test worker] s.a.ScheduledAnnotationBeanPostProcessor : No TaskScheduler/ScheduledExecutorService bean found for scheduled processing
2020-05-25 17:04:11.600  INFO 15760 --- [    Test worker] o.s.b.w.embedded.tomcat.TomcatWebServer  : Tomcat started on port(s): 2088 (http) with context path ''
2020-05-25 17:04:11.601  INFO 15760 --- [    Test worker] c.y.b.s.web.PostApiControllerTest        : Started PostApiControllerTest in 4.117 seconds (JVM running for 19.213)
2020-05-25 17:04:11.618  INFO 15760 --- [    Test worker] o.a.c.c.C.[Tomcat].[localhost].[/]       : Initializing Spring TestDispatcherServlet ''
2020-05-25 17:04:11.618  INFO 15760 --- [    Test worker] o.s.t.web.servlet.TestDispatcherServlet  : Initializing Servlet ''
2020-05-25 17:04:11.636  INFO 15760 --- [    Test worker] o.s.t.web.servlet.TestDispatcherServlet  : Completed initialization in 18 ms
>>>>>>> Stashed changes
Hibernate: insert into posts (created_time, modified_date, author, content, title) values (?, ?, ?, ?, ?)
Hibernate: select posts0_.id as id1_0_, posts0_.created_time as created_2_0_, posts0_.modified_date as modified3_0_, posts0_.author as author4_0_, posts0_.content as content5_0_, posts0_.title as title6_0_ from posts posts0_
Hibernate: select posts0_.id as id1_0_, posts0_.created_time as created_2_0_, posts0_.modified_date as modified3_0_, posts0_.author as author4_0_, posts0_.content as content5_0_, posts0_.title as title6_0_ from posts posts0_
Hibernate: delete from posts where id=?
<<<<<<< Updated upstream
2020-05-22 17:46:08.446  INFO 20236 --- [    Test worker] o.a.c.c.C.[Tomcat].[localhost].[/]       : Initializing Spring TestDispatcherServlet ''
2020-05-22 17:46:08.446  INFO 20236 --- [    Test worker] o.s.t.web.servlet.TestDispatcherServlet  : Initializing Servlet ''
2020-05-22 17:46:08.451  INFO 20236 --- [    Test worker] o.s.t.web.servlet.TestDispatcherServlet  : Completed initialization in 4 ms
=======
2020-05-25 17:04:11.762  INFO 15760 --- [    Test worker] o.a.c.c.C.[Tomcat].[localhost].[/]       : Initializing Spring TestDispatcherServlet ''
2020-05-25 17:04:11.762  INFO 15760 --- [    Test worker] o.s.t.web.servlet.TestDispatcherServlet  : Initializing Servlet ''
2020-05-25 17:04:11.769  INFO 15760 --- [    Test worker] o.s.t.web.servlet.TestDispatcherServlet  : Completed initialization in 6 ms
>>>>>>> Stashed changes
Hibernate: insert into posts (created_time, modified_date, author, content, title) values (?, ?, ?, ?, ?)
Hibernate: select posts0_.id as id1_0_0_, posts0_.created_time as created_2_0_0_, posts0_.modified_date as modified3_0_0_, posts0_.author as author4_0_0_, posts0_.content as content5_0_0_, posts0_.title as title6_0_0_ from posts posts0_ where posts0_.id=?
Hibernate: update posts set created_time=?, modified_date=?, author=?, content=?, title=? where id=?
Hibernate: select posts0_.id as id1_0_, posts0_.created_time as created_2_0_, posts0_.modified_date as modified3_0_, posts0_.author as author4_0_, posts0_.content as content5_0_, posts0_.title as title6_0_ from posts posts0_
Hibernate: select posts0_.id as id1_0_, posts0_.created_time as created_2_0_, posts0_.modified_date as modified3_0_, posts0_.author as author4_0_, posts0_.content as content5_0_, posts0_.title as title6_0_ from posts posts0_
Hibernate: delete from posts where id=?
]]></system-out>
  <system-err><![CDATA[]]></system-err>
</testsuite>
