<?xml version="1.0" encoding="UTF-8"?>
<testsuite name="com.youngjun.book.springboot.web.domain.posts.PostsRepositoryTest" tests="2" skipped="0" failures="0" errors="0" timestamp="2020-05-22T11:08:27" hostname="DESKTOP-U1VS4JN" time="0.311">
  <properties/>
  <testcase name="baseTimeEntityTest" classname="com.youngjun.book.springboot.web.domain.posts.PostsRepositoryTest" time="0.291"/>
  <testcase name="postingLoadTest" classname="com.youngjun.book.springboot.web.domain.posts.PostsRepositoryTest" time="0.02"/>
  <system-out><![CDATA[20:08:20.111 [Test worker] DEBUG org.springframework.test.context.junit4.SpringJUnit4ClassRunner - SpringJUnit4ClassRunner constructor called with [class com.youngjun.book.springboot.web.domain.posts.PostsRepositoryTest]
20:08:20.125 [Test worker] DEBUG org.springframework.test.context.BootstrapUtils - Instantiating CacheAwareContextLoaderDelegate from class [org.springframework.test.context.cache.DefaultCacheAwareContextLoaderDelegate]
20:08:20.136 [Test worker] DEBUG org.springframework.test.context.BootstrapUtils - Instantiating BootstrapContext using constructor [public org.springframework.test.context.support.DefaultBootstrapContext(java.lang.Class,org.springframework.test.context.CacheAwareContextLoaderDelegate)]
20:08:20.161 [Test worker] DEBUG org.springframework.test.context.BootstrapUtils - Instantiating TestContextBootstrapper for test class [com.youngjun.book.springboot.web.domain.posts.PostsRepositoryTest] from class [org.springframework.boot.test.context.SpringBootTestContextBootstrapper]
20:08:20.183 [Test worker] INFO org.springframework.boot.test.context.SpringBootTestContextBootstrapper - Neither @ContextConfiguration nor @ContextHierarchy found for test class [com.youngjun.book.springboot.web.domain.posts.PostsRepositoryTest], using SpringBootContextLoader
20:08:20.189 [Test worker] DEBUG org.springframework.test.context.support.AbstractContextLoader - Did not detect default resource location for test class [com.youngjun.book.springboot.web.domain.posts.PostsRepositoryTest]: class path resource [com/youngjun/book/springboot/web/domain/posts/PostsRepositoryTest-context.xml] does not exist
20:08:20.189 [Test worker] DEBUG org.springframework.test.context.support.AbstractContextLoader - Did not detect default resource location for test class [com.youngjun.book.springboot.web.domain.posts.PostsRepositoryTest]: class path resource [com/youngjun/book/springboot/web/domain/posts/PostsRepositoryTestContext.groovy] does not exist
20:08:20.189 [Test worker] INFO org.springframework.test.context.support.AbstractContextLoader - Could not detect default resource locations for test class [com.youngjun.book.springboot.web.domain.posts.PostsRepositoryTest]: no resource found for suffixes {-context.xml, Context.groovy}.
20:08:20.191 [Test worker] INFO org.springframework.test.context.support.AnnotationConfigContextLoaderUtils - Could not detect default configuration classes for test class [com.youngjun.book.springboot.web.domain.posts.PostsRepositoryTest]: PostsRepositoryTest does not declare any static, non-private, non-final, nested classes annotated with @Configuration.
20:08:20.242 [Test worker] DEBUG org.springframework.test.context.support.ActiveProfilesUtils - Could not find an 'annotation declaring class' for annotation type [org.springframework.test.context.ActiveProfiles] and class [com.youngjun.book.springboot.web.domain.posts.PostsRepositoryTest]
20:08:20.396 [Test worker] DEBUG org.springframework.context.annotation.ClassPathScanningCandidateComponentProvider - Identified candidate component class: file [D:\programming\workspace\IntelliJ\springboot-webservice\build\classes\java\main\com\youngjun\book\springboot\Application.class]
20:08:20.397 [Test worker] INFO org.springframework.boot.test.context.SpringBootTestContextBootstrapper - Found @SpringBootConfiguration com.youngjun.book.springboot.Application for test class com.youngjun.book.springboot.web.domain.posts.PostsRepositoryTest
20:08:20.522 [Test worker] DEBUG org.springframework.boot.test.context.SpringBootTestContextBootstrapper - @TestExecutionListeners is not present for class [com.youngjun.book.springboot.web.domain.posts.PostsRepositoryTest]: using defaults.
20:08:20.523 [Test worker] INFO org.springframework.boot.test.context.SpringBootTestContextBootstrapper - Loaded default TestExecutionListener class names from location [META-INF/spring.factories]: [org.springframework.security.test.context.support.WithSecurityContextTestExecutionListener, org.springframework.security.test.context.support.ReactorContextTestExecutionListener, org.springframework.boot.test.autoconfigure.restdocs.RestDocsTestExecutionListener, org.springframework.boot.test.autoconfigure.web.client.MockRestServiceServerResetTestExecutionListener, org.springframework.boot.test.autoconfigure.web.servlet.MockMvcPrintOnlyOnFailureTestExecutionListener, org.springframework.boot.test.autoconfigure.web.servlet.WebDriverTestExecutionListener, org.springframework.boot.test.mock.mockito.MockitoTestExecutionListener, org.springframework.boot.test.mock.mockito.ResetMocksTestExecutionListener, org.springframework.test.context.web.ServletTestExecutionListener, org.springframework.test.context.support.DirtiesContextBeforeModesTestExecutionListener, org.springframework.test.context.support.DependencyInjectionTestExecutionListener, org.springframework.test.context.support.DirtiesContextTestExecutionListener, org.springframework.test.context.transaction.TransactionalTestExecutionListener, org.springframework.test.context.jdbc.SqlScriptsTestExecutionListener]
20:08:20.549 [Test worker] INFO org.springframework.boot.test.context.SpringBootTestContextBootstrapper - Using TestExecutionListeners: [org.springframework.test.context.web.ServletTestExecutionListener@5027a184, org.springframework.test.context.support.DirtiesContextBeforeModesTestExecutionListener@74978267, org.springframework.boot.test.mock.mockito.MockitoTestExecutionListener@31ac1b2, org.springframework.boot.test.autoconfigure.SpringBootDependencyInjectionTestExecutionListener@1fda5e12, org.springframework.test.context.support.DirtiesContextTestExecutionListener@721ce7ec, org.springframework.test.context.transaction.TransactionalTestExecutionListener@3a50d772, org.springframework.test.context.jdbc.SqlScriptsTestExecutionListener@6f1286db, org.springframework.security.test.context.support.WithSecurityContextTestExecutionListener@22757fe5, org.springframework.security.test.context.support.ReactorContextTestExecutionListener@37c3cfc0, org.springframework.boot.test.autoconfigure.restdocs.RestDocsTestExecutionListener@b14650d, org.springframework.boot.test.autoconfigure.web.client.MockRestServiceServerResetTestExecutionListener@704b1eea, org.springframework.boot.test.autoconfigure.web.servlet.MockMvcPrintOnlyOnFailureTestExecutionListener@79c8cd51, org.springframework.boot.test.autoconfigure.web.servlet.WebDriverTestExecutionListener@505cb067, org.springframework.boot.test.mock.mockito.ResetMocksTestExecutionListener@78c88b6c]
20:08:20.552 [Test worker] DEBUG org.springframework.test.annotation.ProfileValueUtils - Retrieved @ProfileValueSourceConfiguration [null] for test class [com.youngjun.book.springboot.web.domain.posts.PostsRepositoryTest]
20:08:20.553 [Test worker] DEBUG org.springframework.test.annotation.ProfileValueUtils - Retrieved ProfileValueSource type [class org.springframework.test.annotation.SystemProfileValueSource] for class [com.youngjun.book.springboot.web.domain.posts.PostsRepositoryTest]
20:08:20.554 [Test worker] DEBUG org.springframework.test.annotation.ProfileValueUtils - Retrieved @ProfileValueSourceConfiguration [null] for test class [com.youngjun.book.springboot.web.domain.posts.PostsRepositoryTest]
20:08:20.554 [Test worker] DEBUG org.springframework.test.annotation.ProfileValueUtils - Retrieved ProfileValueSource type [class org.springframework.test.annotation.SystemProfileValueSource] for class [com.youngjun.book.springboot.web.domain.posts.PostsRepositoryTest]
20:08:20.559 [Test worker] DEBUG org.springframework.test.context.support.AbstractDirtiesContextTestExecutionListener - Before test class: context [DefaultTestContext@5f719788 testClass = PostsRepositoryTest, testInstance = [null], testMethod = [null], testException = [null], mergedContextConfiguration = [WebMergedContextConfiguration@e8b2a99 testClass = PostsRepositoryTest, locations = '{}', classes = '{class com.youngjun.book.springboot.Application}', contextInitializerClasses = '[]', activeProfiles = '{}', propertySourceLocations = '{}', propertySourceProperties = '{org.springframework.boot.test.context.SpringBootTestContextBootstrapper=true}', contextCustomizers = set[org.springframework.boot.test.autoconfigure.properties.PropertyMappingContextCustomizer@0, org.springframework.boot.test.autoconfigure.web.servlet.WebDriverContextCustomizerFactory$Customizer@d34e02b, org.springframework.boot.test.context.filter.ExcludeFilterContextCustomizer@57043ab4, org.springframework.boot.test.json.DuplicateJsonObjectContextCustomizerFactory$DuplicateJsonObjectContextCustomizer@1d475642, org.springframework.boot.test.mock.mockito.MockitoContextCustomizer@0, org.springframework.boot.test.web.client.TestRestTemplateContextCustomizer@40800ecf], resourceBasePath = 'src/main/webapp', contextLoader = 'org.springframework.boot.test.context.SpringBootContextLoader', parent = [null]], attributes = map['org.springframework.test.context.web.ServletTestExecutionListener.activateListener' -> true]], class annotated with @DirtiesContext [false] with mode [null].
20:08:20.559 [Test worker] DEBUG org.springframework.test.annotation.ProfileValueUtils - Retrieved @ProfileValueSourceConfiguration [null] for test class [com.youngjun.book.springboot.web.domain.posts.PostsRepositoryTest]
20:08:20.559 [Test worker] DEBUG org.springframework.test.annotation.ProfileValueUtils - Retrieved ProfileValueSource type [class org.springframework.test.annotation.SystemProfileValueSource] for class [com.youngjun.book.springboot.web.domain.posts.PostsRepositoryTest]
20:08:20.584 [Test worker] DEBUG org.springframework.test.context.support.TestPropertySourceUtils - Adding inlined properties to environment: {spring.jmx.enabled=false, org.springframework.boot.test.context.SpringBootTestContextBootstrapper=true, server.port=-1}

  .   ____          _            __ _ _
 /\\ / ___'_ __ _ _(_)_ __  __ _ \ \ \ \
( ( )\___ | '_ | '_| | '_ \/ _` | \ \ \ \
 \\/  ___)| |_)| | | | | || (_| |  ) ) ) )
  '  |____| .__|_| |_|_| |_\__, | / / / /
 =========|_|==============|___/=/_/_/_/
 :: Spring Boot ::        (v2.1.9.RELEASE)

2020-05-22 20:08:20.871  INFO 21056 --- [    Test worker] c.y.b.s.w.d.posts.PostsRepositoryTest    : Starting PostsRepositoryTest on DESKTOP-U1VS4JN with PID 21056 (started by sohny in D:\programming\workspace\IntelliJ\springboot-webservice)
2020-05-22 20:08:20.873  INFO 21056 --- [    Test worker] c.y.b.s.w.d.posts.PostsRepositoryTest    : No active profile set, falling back to default profiles: default
2020-05-22 20:08:21.907  INFO 21056 --- [    Test worker] .s.d.r.c.RepositoryConfigurationDelegate : Bootstrapping Spring Data repositories in DEFAULT mode.
2020-05-22 20:08:22.002  INFO 21056 --- [    Test worker] .s.d.r.c.RepositoryConfigurationDelegate : Finished Spring Data repository scanning in 85ms. Found 2 repository interfaces.
2020-05-22 20:08:22.604  INFO 21056 --- [    Test worker] trationDelegate$BeanPostProcessorChecker : Bean 'org.springframework.transaction.annotation.ProxyTransactionManagementConfiguration' of type [org.springframework.transaction.annotation.ProxyTransactionManagementConfiguration$$EnhancerBySpringCGLIB$$d9c6ca3e] is not eligible for getting processed by all BeanPostProcessors (for example: not eligible for auto-proxying)
2020-05-22 20:08:22.883  INFO 21056 --- [    Test worker] com.zaxxer.hikari.HikariDataSource       : HikariPool-1 - Starting...
2020-05-22 20:08:23.059  INFO 21056 --- [    Test worker] com.zaxxer.hikari.HikariDataSource       : HikariPool-1 - Start completed.
2020-05-22 20:08:23.196  INFO 21056 --- [    Test worker] o.hibernate.jpa.internal.util.LogHelper  : HHH000204: Processing PersistenceUnitInfo [
	name: default
	...]
2020-05-22 20:08:23.298  INFO 21056 --- [    Test worker] org.hibernate.Version                    : HHH000412: Hibernate Core {5.3.12.Final}
2020-05-22 20:08:23.301  INFO 21056 --- [    Test worker] org.hibernate.cfg.Environment            : HHH000206: hibernate.properties not found
2020-05-22 20:08:23.525  INFO 21056 --- [    Test worker] o.hibernate.annotations.common.Version   : HCANN000001: Hibernate Commons Annotations {5.0.4.Final}
2020-05-22 20:08:23.779  INFO 21056 --- [    Test worker] org.hibernate.dialect.Dialect            : HHH000400: Using dialect: org.hibernate.dialect.MySQL5InnoDBDialect
Hibernate: drop table if exists posts
Hibernate: drop table if exists user
Hibernate: create table posts (id bigint not null auto_increment, created_time datetime, modified_date datetime, author varchar(255), content TEXT not null, title varchar(500) not null, primary key (id)) engine=InnoDB
Hibernate: create table user (id bigint not null auto_increment, created_time datetime, modified_date datetime, email varchar(255) not null, name varchar(255) not null, picture varchar(255), role varchar(255) not null, primary key (id)) engine=InnoDB
2020-05-22 20:08:24.686  INFO 21056 --- [    Test worker] o.h.t.schema.internal.SchemaCreatorImpl  : HHH000476: Executing import script 'org.hibernate.tool.schema.internal.exec.ScriptSourceInputNonExistentImpl@1a5f750e'
2020-05-22 20:08:24.691  INFO 21056 --- [    Test worker] j.LocalContainerEntityManagerFactoryBean : Initialized JPA EntityManagerFactory for persistence unit 'default'
2020-05-22 20:08:25.510  INFO 21056 --- [    Test worker] o.h.h.i.QueryTranslatorFactoryInitiator  : HHH000397: Using ASTQueryTranslatorFactory
2020-05-22 20:08:26.296  INFO 21056 --- [    Test worker] o.s.s.web.DefaultSecurityFilterChain     : Creating filter chain: any request, [org.springframework.security.web.context.request.async.WebAsyncManagerIntegrationFilter@69b8e3dd, org.springframework.security.web.context.SecurityContextPersistenceFilter@65394782, org.springframework.security.web.header.HeaderWriterFilter@380e7961, org.springframework.security.web.authentication.logout.LogoutFilter@20b3529b, org.springframework.security.oauth2.client.web.OAuth2AuthorizationRequestRedirectFilter@297aab60, org.springframework.security.oauth2.client.web.OAuth2LoginAuthenticationFilter@30080ba4, org.springframework.security.web.authentication.ui.DefaultLoginPageGeneratingFilter@27aac062, org.springframework.security.web.authentication.ui.DefaultLogoutPageGeneratingFilter@7bb6fca8, org.springframework.security.web.savedrequest.RequestCacheAwareFilter@462aa11b, org.springframework.security.web.servletapi.SecurityContextHolderAwareRequestFilter@72e4ab86, org.springframework.security.web.authentication.AnonymousAuthenticationFilter@1d5febdc, org.springframework.security.web.session.SessionManagementFilter@f2c0f, org.springframework.security.web.access.ExceptionTranslationFilter@3f0e0e12, org.springframework.security.web.access.intercept.FilterSecurityInterceptor@5d08a23a]
2020-05-22 20:08:26.948  INFO 21056 --- [    Test worker] o.s.s.concurrent.ThreadPoolTaskExecutor  : Initializing ExecutorService 'applicationTaskExecutor'
2020-05-22 20:08:27.022  WARN 21056 --- [    Test worker] aWebConfiguration$JpaWebMvcConfiguration : spring.jpa.open-in-view is enabled by default. Therefore, database queries may be performed during view rendering. Explicitly configure spring.jpa.open-in-view to disable this warning
2020-05-22 20:08:27.088  INFO 21056 --- [    Test worker] o.s.b.a.w.s.WelcomePageHandlerMapping    : Adding welcome page template: index
2020-05-22 20:08:27.741  INFO 21056 --- [    Test worker] s.a.ScheduledAnnotationBeanPostProcessor : No TaskScheduler/ScheduledExecutorService bean found for scheduled processing
2020-05-22 20:08:27.754  INFO 21056 --- [    Test worker] c.y.b.s.w.d.posts.PostsRepositoryTest    : Started PostsRepositoryTest in 7.16 seconds (JVM running for 9.547)
Hibernate: insert into posts (created_time, modified_date, author, content, title) values (?, ?, ?, ?, ?)
Hibernate: select posts0_.id as id1_0_, posts0_.created_time as created_2_0_, posts0_.modified_date as modified3_0_, posts0_.author as author4_0_, posts0_.content as content5_0_, posts0_.title as title6_0_ from posts posts0_
만들었느뇨? -2020-05-22T20:08:27.908, 수정했느뇨?2020-05-22T20:08:27.908
Hibernate: select posts0_.id as id1_0_, posts0_.created_time as created_2_0_, posts0_.modified_date as modified3_0_, posts0_.author as author4_0_, posts0_.content as content5_0_, posts0_.title as title6_0_ from posts posts0_
Hibernate: delete from posts where id=?
Hibernate: insert into posts (created_time, modified_date, author, content, title) values (?, ?, ?, ?, ?)
Hibernate: select posts0_.id as id1_0_, posts0_.created_time as created_2_0_, posts0_.modified_date as modified3_0_, posts0_.author as author4_0_, posts0_.content as content5_0_, posts0_.title as title6_0_ from posts posts0_
Hibernate: select posts0_.id as id1_0_, posts0_.created_time as created_2_0_, posts0_.modified_date as modified3_0_, posts0_.author as author4_0_, posts0_.content as content5_0_, posts0_.title as title6_0_ from posts posts0_
Hibernate: delete from posts where id=?
]]></system-out>
  <system-err><![CDATA[]]></system-err>
</testsuite>
